This is pdfTeX, Version 3.141592653-2.6-1.40.24 (TeX Live 2022/Debian) (preloaded format=pdflatex 2023.11.29)  7 DEC 2023 16:46
entering extended mode
 restricted \write18 enabled.
 %&-line parsing enabled.
**main.tex
(./main.tex
LaTeX2e <2022-11-01> patch level 1
L3 programming layer <2023-01-16> (./cas-dc.cls
Document Class: cas-dc 2021/05/11, 2.3: Formatting class for CAS double column 
articles
\c@blind=\count185
\@bls=\dimen140
(/usr/share/texlive/texmf-dist/tex/latex/base/article.cls
Document Class: article 2022/07/02 v1.4n Standard LaTeX document class
(/usr/share/texlive/texmf-dist/tex/latex/base/fleqn.clo
File: fleqn.clo 2016/12/29 v1.2b Standard LaTeX option (flush left equations)
\mathindent=\skip48
Applying: [2015/01/01] Make \[ robust on input line 50.
LaTeX Info: Redefining \[ on input line 51.
Already applied: [0000/00/00] Make \[ robust on input line 62.
Applying: [2015/01/01] Make \] robust on input line 74.
LaTeX Info: Redefining \] on input line 75.
Already applied: [0000/00/00] Make \] robust on input line 83.
)
(/usr/share/texlive/texmf-dist/tex/latex/base/size10.clo
File: size10.clo 2022/07/02 v1.4n Standard LaTeX file (size option)
)
\c@part=\count186
\c@section=\count187
\c@subsection=\count188
\c@subsubsection=\count189
\c@paragraph=\count190
\c@subparagraph=\count191
\c@figure=\count192
\c@table=\count193
\abovecaptionskip=\skip49
\belowcaptionskip=\skip50
\bibindent=\dimen141
)
(/usr/share/texlive/texmf-dist/tex/latex/graphics/graphicx.sty
Package: graphicx 2021/09/16 v1.2d Enhanced LaTeX Graphics (DPC,SPQR)

(/usr/share/texlive/texmf-dist/tex/latex/graphics/keyval.sty
Package: keyval 2022/05/29 v1.15 key=value parser (DPC)
\KV@toks@=\toks16
)
(/usr/share/texlive/texmf-dist/tex/latex/graphics/graphics.sty
Package: graphics 2022/03/10 v1.4e Standard LaTeX Graphics (DPC,SPQR)

(/usr/share/texlive/texmf-dist/tex/latex/graphics/trig.sty
Package: trig 2021/08/11 v1.11 sin cos tan (DPC)
)
(/usr/share/texlive/texmf-dist/tex/latex/graphics-cfg/graphics.cfg
File: graphics.cfg 2016/06/04 v1.11 sample graphics configuration
)
Package graphics Info: Driver file: pdftex.def on input line 107.

(/usr/share/texlive/texmf-dist/tex/latex/graphics-def/pdftex.def
File: pdftex.def 2022/09/22 v1.2b Graphics/color driver for pdftex
))
\Gin@req@height=\dimen142
\Gin@req@width=\dimen143
)
(/usr/share/texlive/texmf-dist/tex/latex/amsmath/amsmath.sty
Package: amsmath 2022/04/08 v2.17n AMS math features
\@mathmargin=\skip51

For additional information on amsmath, use the `?' option.
(/usr/share/texlive/texmf-dist/tex/latex/amsmath/amstext.sty
Package: amstext 2021/08/26 v2.01 AMS text

(/usr/share/texlive/texmf-dist/tex/latex/amsmath/amsgen.sty
File: amsgen.sty 1999/11/30 v2.0 generic functions
\@emptytoks=\toks17
\ex@=\dimen144
))
(/usr/share/texlive/texmf-dist/tex/latex/amsmath/amsbsy.sty
Package: amsbsy 1999/11/29 v1.2d Bold Symbols
\pmbraise@=\dimen145
)
(/usr/share/texlive/texmf-dist/tex/latex/amsmath/amsopn.sty
Package: amsopn 2022/04/08 v2.04 operator names
)
\inf@bad=\count194
LaTeX Info: Redefining \frac on input line 234.
\uproot@=\count195
\leftroot@=\count196
LaTeX Info: Redefining \overline on input line 399.
LaTeX Info: Redefining \colon on input line 410.
\classnum@=\count197
\DOTSCASE@=\count198
LaTeX Info: Redefining \ldots on input line 496.
LaTeX Info: Redefining \dots on input line 499.
LaTeX Info: Redefining \cdots on input line 620.
\Mathstrutbox@=\box51
\strutbox@=\box52
LaTeX Info: Redefining \big on input line 722.
LaTeX Info: Redefining \Big on input line 723.
LaTeX Info: Redefining \bigg on input line 724.
LaTeX Info: Redefining \Bigg on input line 725.
\big@size=\dimen146
LaTeX Font Info:    Redeclaring font encoding OML on input line 743.
LaTeX Font Info:    Redeclaring font encoding OMS on input line 744.
\macc@depth=\count199
LaTeX Info: Redefining \bmod on input line 905.
LaTeX Info: Redefining \pmod on input line 910.
LaTeX Info: Redefining \smash on input line 940.
LaTeX Info: Redefining \relbar on input line 970.
LaTeX Info: Redefining \Relbar on input line 971.
\c@MaxMatrixCols=\count266
\dotsspace@=\muskip16
\c@parentequation=\count267
\dspbrk@lvl=\count268
\tag@help=\toks18
\row@=\count269
\column@=\count270
\maxfields@=\count271
\andhelp@=\toks19
\eqnshift@=\dimen147
\alignsep@=\dimen148
\tagshift@=\dimen149
\tagwidth@=\dimen150
\totwidth@=\dimen151
\lineht@=\dimen152
\@envbody=\toks20
\multlinegap=\skip52
\multlinetaggap=\skip53
\mathdisplay@stack=\toks21
LaTeX Info: Redefining \[ on input line 2953.
LaTeX Info: Redefining \] on input line 2954.
)
(/usr/share/texlive/texmf-dist/tex/latex/amsfonts/amsfonts.sty
Package: amsfonts 2013/01/14 v3.01 Basic AMSFonts support
\symAMSa=\mathgroup4
\symAMSb=\mathgroup5
LaTeX Font Info:    Redeclaring math symbol \hbar on input line 98.
LaTeX Font Info:    Overwriting math alphabet `\mathfrak' in version `bold'
(Font)                  U/euf/m/n --> U/euf/b/n on input line 106.
)
(/usr/share/texlive/texmf-dist/tex/latex/amsfonts/amssymb.sty
Package: amssymb 2013/01/14 v3.01 AMS font symbols
)
(/usr/share/texlive/texmf-dist/tex/latex/l3kernel/expl3.sty
Package: expl3 2023-01-16 L3 programming layer (loader) 

(/usr/share/texlive/texmf-dist/tex/latex/l3backend/l3backend-pdftex.def
File: l3backend-pdftex.def 2023-01-16 L3 backend support: PDF output (pdfTeX)
\l__color_backend_stack_int=\count272
\l__pdf_internal_box=\box53
))
(/usr/share/texlive/texmf-dist/tex/latex/l3packages/xparse/xparse.sty
Package: xparse 2023-01-16 L3 Experimental document command parser
)
(/usr/share/texlive/texmf-dist/tex/latex/etoolbox/etoolbox.sty
Package: etoolbox 2020/10/05 v2.5k e-TeX tools for LaTeX (JAW)
\etb@tempcnta=\count273
)
(/usr/share/texlive/texmf-dist/tex/latex/preprint/balance.sty
Package: balance 1999/02/23 4.3 (PWD)
\oldvsize=\dimen153
)
(/usr/share/texlive/texmf-dist/tex/latex/booktabs/booktabs.sty
Package: booktabs 2020/01/12 v1.61803398 Publication quality tables
\heavyrulewidth=\dimen154
\lightrulewidth=\dimen155
\cmidrulewidth=\dimen156
\belowrulesep=\dimen157
\belowbottomsep=\dimen158
\aboverulesep=\dimen159
\abovetopsep=\dimen160
\cmidrulesep=\dimen161
\cmidrulekern=\dimen162
\defaultaddspace=\dimen163
\@cmidla=\count274
\@cmidlb=\count275
\@aboverulesep=\dimen164
\@belowrulesep=\dimen165
\@thisruleclass=\count276
\@lastruleclass=\count277
\@thisrulewidth=\dimen166
)
(/usr/share/texlive/texmf-dist/tex/latex/makecell/makecell.sty
Package: makecell 2009/08/03 V0.1e Managing of Tab Column Heads and Cells

(/usr/share/texlive/texmf-dist/tex/latex/tools/array.sty
Package: array 2022/09/04 v2.5g Tabular extension package (FMi)
\col@sep=\dimen167
\ar@mcellbox=\box54
\extrarowheight=\dimen168
\NC@list=\toks22
\extratabsurround=\skip54
\backup@length=\skip55
\ar@cellbox=\box55
)
\rotheadsize=\dimen169
\c@nlinenum=\count278
\TeXr@lab=\toks23
)
(/usr/share/texlive/texmf-dist/tex/latex/multirow/multirow.sty
Package: multirow 2021/03/15 v2.8 Span multiple rows of a table
\multirow@colwidth=\skip56
\multirow@cntb=\count279
\multirow@dima=\skip57
\bigstrutjot=\dimen170
)
(/usr/share/texlive/texmf-dist/tex/latex/colortbl/colortbl.sty
Package: colortbl 2022/06/20 v1.0f Color table columns (DPC)

(/usr/share/texlive/texmf-dist/tex/latex/graphics/color.sty
Package: color 2022/01/06 v1.3d Standard LaTeX Color (DPC)

(/usr/share/texlive/texmf-dist/tex/latex/graphics-cfg/color.cfg
File: color.cfg 2016/01/02 v1.6 sample color configuration
)
Package color Info: Driver file: pdftex.def on input line 149.

(/usr/share/texlive/texmf-dist/tex/latex/graphics/mathcolor.ltx))
\everycr=\toks24
\minrowclearance=\skip58
\rownum=\count280
)
(/usr/share/texlive/texmf-dist/tex/latex/tools/dcolumn.sty
Package: dcolumn 2014/10/28 v1.06 decimal alignment package (DPC)
)
(/usr/share/texlive/texmf-dist/tex/latex/sttools/stfloats.sty
Package: stfloats 2017/03/27 v3.3 Improve float mechanism and baselineskip sett
ings
\@dblbotnum=\count281
\c@dblbotnumber=\count282
)
(/usr/share/texlive/texmf-dist/tex/latex/tools/xspace.sty
Package: xspace 2014/10/28 v1.13 Space after command names (DPC,MH)
)
(/usr/share/texlive/texmf-dist/tex/generic/xstring/xstring.sty
(/usr/share/texlive/texmf-dist/tex/generic/xstring/xstring.tex
\integerpart=\count283
\decimalpart=\count284
)
Package: xstring 2023/01/14 v1.85 String manipulations (CT)
)
(/usr/share/texlive/texmf-dist/tex/latex/footmisc/footmisc.sty
Package: footmisc 2022/03/08 v6.0d a miscellany of footnote facilities
\FN@temptoken=\toks25
\footnotemargin=\dimen171
\@outputbox@depth=\dimen172
Package footmisc Info: Declaring symbol style bringhurst on input line 695.
Package footmisc Info: Declaring symbol style chicago on input line 703.
Package footmisc Info: Declaring symbol style wiley on input line 712.
Package footmisc Info: Declaring symbol style lamport-robust on input line 723.

Package footmisc Info: Declaring symbol style lamport* on input line 743.
Package footmisc Info: Declaring symbol style lamport*-robust on input line 764
.
)
(/usr/share/texlive/texmf-dist/tex/latex/xcolor/xcolor.sty
Package: xcolor 2022/06/12 v2.14 LaTeX color extensions (UK)

(/usr/share/texlive/texmf-dist/tex/latex/graphics-cfg/color.cfg
File: color.cfg 2016/01/02 v1.6 sample color configuration
)
Package xcolor Info: Driver file: pdftex.def on input line 227.
LaTeX Info: Redefining \color on input line 711.

(/usr/share/texlive/texmf-dist/tex/latex/graphics/mathcolor.ltx)
Package xcolor Info: Model `cmy' substituted by `cmy0' on input line 1353.
Package xcolor Info: Model `hsb' substituted by `rgb' on input line 1357.
Package xcolor Info: Model `RGB' extended on input line 1369.
Package xcolor Info: Model `HTML' substituted by `rgb' on input line 1371.
Package xcolor Info: Model `Hsb' substituted by `hsb' on input line 1372.
Package xcolor Info: Model `tHsb' substituted by `hsb' on input line 1373.
Package xcolor Info: Model `HSB' substituted by `hsb' on input line 1374.
Package xcolor Info: Model `Gray' substituted by `gray' on input line 1375.
Package xcolor Info: Model `wave' substituted by `hsb' on input line 1376.

(/usr/share/texlive/texmf-dist/tex/latex/graphics/dvipsnam.def
File: dvipsnam.def 2016/06/17 v3.0m Driver-dependent file (DPC,SPQR)
)
(/usr/share/texlive/texmf-dist/tex/latex/xcolor/svgnam.def
File: svgnam.def 2022/06/12 v2.14 Predefined colors according to SVG 1.1 (UK)
))
(/usr/share/texlive/texmf-dist/tex/latex/hyperref/hyperref.sty
Package: hyperref 2022-11-13 v7.00u Hypertext links for LaTeX

(/usr/share/texlive/texmf-dist/tex/generic/ltxcmds/ltxcmds.sty
Package: ltxcmds 2020-05-10 v1.25 LaTeX kernel commands for general use (HO)
)
(/usr/share/texlive/texmf-dist/tex/generic/iftex/iftex.sty
Package: iftex 2022/02/03 v1.0f TeX engine tests
)
(/usr/share/texlive/texmf-dist/tex/generic/pdftexcmds/pdftexcmds.sty
Package: pdftexcmds 2020-06-27 v0.33 Utility functions of pdfTeX for LuaTeX (HO
)

(/usr/share/texlive/texmf-dist/tex/generic/infwarerr/infwarerr.sty
Package: infwarerr 2019/12/03 v1.5 Providing info/warning/error messages (HO)
)
Package pdftexcmds Info: \pdf@primitive is available.
Package pdftexcmds Info: \pdf@ifprimitive is available.
Package pdftexcmds Info: \pdfdraftmode found.
)
(/usr/share/texlive/texmf-dist/tex/latex/kvsetkeys/kvsetkeys.sty
Package: kvsetkeys 2022-10-05 v1.19 Key value parser (HO)
)
(/usr/share/texlive/texmf-dist/tex/generic/kvdefinekeys/kvdefinekeys.sty
Package: kvdefinekeys 2019-12-19 v1.6 Define keys (HO)
)
(/usr/share/texlive/texmf-dist/tex/generic/pdfescape/pdfescape.sty
Package: pdfescape 2019/12/09 v1.15 Implements pdfTeX's escape features (HO)
)
(/usr/share/texlive/texmf-dist/tex/latex/hycolor/hycolor.sty
Package: hycolor 2020-01-27 v1.10 Color options for hyperref/bookmark (HO)
)
(/usr/share/texlive/texmf-dist/tex/latex/letltxmacro/letltxmacro.sty
Package: letltxmacro 2019/12/03 v1.6 Let assignment for LaTeX macros (HO)
)
(/usr/share/texlive/texmf-dist/tex/latex/auxhook/auxhook.sty
Package: auxhook 2019-12-17 v1.6 Hooks for auxiliary files (HO)
)
(/usr/share/texlive/texmf-dist/tex/latex/hyperref/nameref.sty
Package: nameref 2022-05-17 v2.50 Cross-referencing by name of section

(/usr/share/texlive/texmf-dist/tex/latex/refcount/refcount.sty
Package: refcount 2019/12/15 v3.6 Data extraction from label references (HO)
)
(/usr/share/texlive/texmf-dist/tex/generic/gettitlestring/gettitlestring.sty
Package: gettitlestring 2019/12/15 v1.6 Cleanup title references (HO)

(/usr/share/texlive/texmf-dist/tex/latex/kvoptions/kvoptions.sty
Package: kvoptions 2022-06-15 v3.15 Key value format for package options (HO)
))
\c@section@level=\count285
)
\@linkdim=\dimen173
\Hy@linkcounter=\count286
\Hy@pagecounter=\count287

(/usr/share/texlive/texmf-dist/tex/latex/hyperref/pd1enc.def
File: pd1enc.def 2022-11-13 v7.00u Hyperref: PDFDocEncoding definition (HO)
Now handling font encoding PD1 ...
... no UTF-8 mapping file for font encoding PD1
)
(/usr/share/texlive/texmf-dist/tex/generic/intcalc/intcalc.sty
Package: intcalc 2019/12/15 v1.3 Expandable calculations with integers (HO)
)
(/usr/share/texlive/texmf-dist/tex/generic/etexcmds/etexcmds.sty
Package: etexcmds 2019/12/15 v1.7 Avoid name clashes with e-TeX commands (HO)
)
\Hy@SavedSpaceFactor=\count288

(/usr/share/texlive/texmf-dist/tex/latex/hyperref/puenc.def
File: puenc.def 2022-11-13 v7.00u Hyperref: PDF Unicode definition (HO)
Now handling font encoding PU ...
... no UTF-8 mapping file for font encoding PU
)
Package hyperref Info: Option `colorlinks' set `true' on input line 4045.
Package hyperref Info: Hyper figures OFF on input line 4162.
Package hyperref Info: Link nesting OFF on input line 4167.
Package hyperref Info: Hyper index ON on input line 4170.
Package hyperref Info: Plain pages OFF on input line 4177.
Package hyperref Info: Backreferencing OFF on input line 4182.
Package hyperref Info: Implicit mode ON; LaTeX internals redefined.
Package hyperref Info: Bookmarks ON on input line 4410.
\c@Hy@tempcnt=\count289

(/usr/share/texlive/texmf-dist/tex/latex/url/url.sty
\Urlmuskip=\muskip17
Package: url 2013/09/16  ver 3.4  Verb mode for urls, etc.
)
LaTeX Info: Redefining \url on input line 4748.
\XeTeXLinkMargin=\dimen174

(/usr/share/texlive/texmf-dist/tex/generic/bitset/bitset.sty
Package: bitset 2019/12/09 v1.3 Handle bit-vector datatype (HO)

(/usr/share/texlive/texmf-dist/tex/generic/bigintcalc/bigintcalc.sty
Package: bigintcalc 2019/12/15 v1.5 Expandable calculations on big integers (HO
)
))
\Fld@menulength=\count290
\Field@Width=\dimen175
\Fld@charsize=\dimen176
Package hyperref Info: Hyper figures OFF on input line 6027.
Package hyperref Info: Link nesting OFF on input line 6032.
Package hyperref Info: Hyper index ON on input line 6035.
Package hyperref Info: backreferencing OFF on input line 6042.
Package hyperref Info: Link coloring ON on input line 6045.
Package hyperref Info: Link coloring with OCG OFF on input line 6052.
Package hyperref Info: PDF/A mode OFF on input line 6057.

(/usr/share/texlive/texmf-dist/tex/latex/base/atbegshi-ltx.sty
Package: atbegshi-ltx 2021/01/10 v1.0c Emulation of the original atbegshi
package with kernel methods
)
\Hy@abspage=\count291
\c@Item=\count292
\c@Hfootnote=\count293
)
Package hyperref Info: Driver (autodetected): hpdftex.

(/usr/share/texlive/texmf-dist/tex/latex/hyperref/hpdftex.def
File: hpdftex.def 2022-11-13 v7.00u Hyperref driver for pdfTeX

(/usr/share/texlive/texmf-dist/tex/latex/base/atveryend-ltx.sty
Package: atveryend-ltx 2020/08/19 v1.0a Emulation of the original atveryend pac
kage
with kernel methods
)
\Fld@listcount=\count294
\c@bookmark@seq@number=\count295

(/usr/share/texlive/texmf-dist/tex/latex/rerunfilecheck/rerunfilecheck.sty
Package: rerunfilecheck 2022-07-10 v1.10 Rerun checks for auxiliary files (HO)

(/usr/share/texlive/texmf-dist/tex/generic/uniquecounter/uniquecounter.sty
Package: uniquecounter 2019/12/15 v1.4 Provide unlimited unique counter (HO)
)
Package uniquecounter Info: New unique counter `rerunfilecheck' on input line 2
85.
)
\Hy@SectionHShift=\skip59
)
(./cas-common.sty
\l_stm_title_before_dim=\dimen177
\l_stm_title_after_dim=\dimen178
\g_ead_int=\count296
\g_uad_int=\count297
\@eadauthor=\toks26
\g_stm_tnote_int=\count298
\g_stm_fnote_int=\count299
\g_stm_cor_int=\count300
\g_stm_au_int=\count301
\g_stm_aau_int=\count302
\l_autype_int=\count303
\l_stm_augroup_before_dim=\dimen179
\l_stm_augroup_after_dim=\dimen180
\l_stm_augroup_lskip_tl=\dimen181
\l_stm_augroup_rskip_tl=\dimen182
\g_stm_aff_int=\count304
\g_stm_aff_ext_int=\count305
\g_stm_aff_int_int=\count306
\g_stm_fn_aff_ext_int=\count307
\g_stm_fn_aff_int_int=\count308
\l_stm_aff_before_dim=\dimen183
\l_stm_aff_after_dim=\dimen184
\l_stm_aff_lskip_dim=\dimen185
\l_stm_aff_rskip_dim=\dimen186
\g_stm_augr_int=\count309
\g_stm_aaugr_int=\count310

(/usr/share/texlive/texmf-dist/tex/latex/moreverb/moreverb.sty
Package: moreverb 2008/06/03 v2.3a `more' verbatim facilities

(/usr/share/texlive/texmf-dist/tex/latex/tools/verbatim.sty
Package: verbatim 2022-07-02 v1.5u LaTeX2e package for verbatim enhancements
\every@verbatim=\toks27
\verbatim@line=\toks28
\verbatim@in@stream=\read2
)
\tab@position=\count311
\tab@size=\count312
\listing@line=\count313
)
\g_stm_abs_box=\box56
\casgrabsbox=\box57
\casauhlbox=\box58
\g_stm_key_box=\box59
\g_stm_jtype_int=\count314
\g_stm_blind_int=\count315
\c@au=\count316
\c@cnote=\count317
\c@tnote=\count318
\c@fnote=\count319
\c@aff=\count320
\g_stm_notes_box=\box60
\g_stm_front_box=\box61
\paraindent=\dimen187
\subparaindent=\dimen188
\FullWidth=\dimen189
\l_tbl_width_dim=\dimen190
\l_tbl_abovecap_skip=\skip60
\l_tbl_belowcap_skip=\skip61
\l_tbl_abovetbl_skip=\skip62
\l_tbl_belowtbl_skip=\skip63
\l_fig_width_dim=\dimen191
\cascaptionbox=\box62
\l_fig_abovecap_skip=\skip64
\l_fig_belowcap_skip=\skip65
\l_fig_abovefig_skip=\skip66
\l_fig_belowfig_skip=\skip67

(/usr/share/texlive/texmf-dist/tex/latex/wrapfig/wrapfig.sty
\wrapoverhang=\dimen192
\WF@size=\dimen193
\c@WF@wrappedlines=\count321
\WF@box=\box63
\WF@everypar=\toks29
Package: wrapfig 2003/01/31  v 3.6
)
\l_wrap_figwidth_dim=\dimen194
\l_wrap_fighspace_dim=\dimen195
\l_wrap_figvspace_dim=\dimen196
\l_wrap_fighcorr_dim=\dimen197
\l_wrap_figvcorr_dim=\dimen198
\l_above_bio_dim=\dimen199
\l_wrap_figlcorr_int=\count322
\l_wrap_figlines_int=\count323
\l_bio_text_box=\box64
\c@ca_biography_ctr=\count324
\l_ca_temp_inta=\count325
\leftMargin=\dimen256
\@enLab=\toks30
\@sep=\skip68
\@@sep=\skip69
)
(/usr/share/texlive/texmf-dist/tex/latex/base/fontenc.sty
Package: fontenc 2021/04/29 v2.0v Standard LaTeX package
)
(/usr/share/texlive/texmf-dist/tex/latex/stix/stix.sty
Package: stix 2018/04/17 v1.1.3-latex STIX fonts support package

(/usr/share/texlive/texmf-dist/tex/latex/base/textcomp.sty
Package: textcomp 2020/02/02 v2.0n Standard LaTeX package
LaTeX Font Info:    Changing ? sub-encoding to TS1/0 on input line 78.
)
Now handling font encoding LS1 ...
... no UTF-8 mapping file for font encoding LS1
Now handling font encoding LS2 ...
... no UTF-8 mapping file for font encoding LS2
LaTeX Font Info:    Redeclaring symbol font `letters' on input line 76.
LaTeX Font Info:    Encoding `OML' has changed to `LS1' for symbol font
(Font)              `letters' in the math version `normal' on input line 76.
LaTeX Font Info:    Overwriting symbol font `letters' in version `normal'
(Font)                  OML/cmm/m/it --> LS1/stix/m/it on input line 76.
LaTeX Font Info:    Encoding `OML' has changed to `LS1' for symbol font
(Font)              `letters' in the math version `bold' on input line 76.
LaTeX Font Info:    Overwriting symbol font `letters' in version `bold'
(Font)                  OML/cmm/b/it --> LS1/stix/m/it on input line 76.
LaTeX Font Info:    Redeclaring symbol font `operators' on input line 77.
LaTeX Font Info:    Encoding `OT1' has changed to `LS1' for symbol font
(Font)              `operators' in the math version `normal' on input line 77.
LaTeX Font Info:    Overwriting symbol font `operators' in version `normal'
(Font)                  OT1/cmr/m/n --> LS1/stix/m/n on input line 77.
LaTeX Font Info:    Encoding `OT1' has changed to `LS1' for symbol font
(Font)              `operators' in the math version `bold' on input line 77.
LaTeX Font Info:    Overwriting symbol font `operators' in version `bold'
(Font)                  OT1/cmr/bx/n --> LS1/stix/m/n on input line 77.
\symbold-operators=\mathgroup6
LaTeX Font Info:    Redeclaring symbol font `symbols' on input line 79.
LaTeX Font Info:    Encoding `OMS' has changed to `LS1' for symbol font
(Font)              `symbols' in the math version `normal' on input line 79.
LaTeX Font Info:    Overwriting symbol font `symbols' in version `normal'
(Font)                  OMS/cmsy/m/n --> LS1/stixscr/m/n on input line 79.
LaTeX Font Info:    Encoding `OMS' has changed to `LS1' for symbol font
(Font)              `symbols' in the math version `bold' on input line 79.
LaTeX Font Info:    Overwriting symbol font `symbols' in version `bold'
(Font)                  OMS/cmsy/b/n --> LS1/stixscr/m/n on input line 79.
\symsymbols2=\mathgroup7
\symsymbols3=\mathgroup8
\symsymbols4=\mathgroup9
\symintegrals=\mathgroup10
LaTeX Font Info:    Redeclaring symbol font `largesymbols' on input line 84.
LaTeX Font Info:    Encoding `OMX' has changed to `LS2' for symbol font
(Font)              `largesymbols' in the math version `normal' on input line 8
4.
LaTeX Font Info:    Overwriting symbol font `largesymbols' in version `normal'
(Font)                  OMX/cmex/m/n --> LS2/stixex/m/n on input line 84.
LaTeX Font Info:    Encoding `OMX' has changed to `LS2' for symbol font
(Font)              `largesymbols' in the math version `bold' on input line 84.

LaTeX Font Info:    Overwriting symbol font `largesymbols' in version `bold'
(Font)                  OMX/cmex/m/n --> LS2/stixex/m/n on input line 84.
\symarrows1=\mathgroup11
\symarrows2=\mathgroup12
\symarrows3=\mathgroup13
LaTeX Font Info:    Overwriting symbol font `letters' in version `bold'
(Font)                  LS1/stix/m/it --> LS1/stix/b/it on input line 88.
LaTeX Font Info:    Overwriting symbol font `operators' in version `bold'
(Font)                  LS1/stix/m/n --> LS1/stix/b/n on input line 89.
LaTeX Font Info:    Overwriting symbol font `symbols' in version `bold'
(Font)                  LS1/stixscr/m/n --> LS1/stixscr/b/n on input line 90.
LaTeX Font Info:    Overwriting symbol font `symbols2' in version `bold'
(Font)                  LS1/stixfrak/m/n --> LS1/stixfrak/b/n on input line 91.

LaTeX Font Info:    Overwriting symbol font `symbols3' in version `bold'
(Font)                  LS1/stixbb/m/n --> LS1/stixbb/b/n on input line 92.
LaTeX Font Info:    Overwriting symbol font `symbols4' in version `bold'
(Font)                  LS1/stixbb/m/it --> LS1/stixbb/b/it on input line 93.
LaTeX Font Info:    Overwriting symbol font `integrals' in version `bold'
(Font)                  LS2/stixcal/m/n --> LS2/stixcal/b/n on input line 94.
LaTeX Font Info:    Overwriting symbol font `largesymbols' in version `bold'
(Font)                  LS2/stixex/m/n --> LS2/stixex/b/n on input line 95.
LaTeX Font Info:    Overwriting symbol font `arrows1' in version `bold'
(Font)                  LS1/stixsf/m/n --> LS1/stixsf/b/n on input line 96.
LaTeX Font Info:    Overwriting symbol font `arrows2' in version `bold'
(Font)                  LS1/stixsf/m/it --> LS1/stixsf/b/it on input line 97.
LaTeX Font Info:    Overwriting symbol font `arrows3' in version `bold'
(Font)                  LS2/stixtt/m/n --> LS2/stixtt/b/n on input line 98.
LaTeX Font Info:    Redeclaring math alphabet \mathit on input line 99.
LaTeX Font Info:    Redeclaring math alphabet \mathfrak on input line 102.
LaTeX Font Info:    Redeclaring math alphabet \mathsf on input line 106.
LaTeX Font Info:    Redeclaring math alphabet \mathtt on input line 108.
LaTeX Font Info:    Redeclaring math alphabet \mathbf on input line 109.
LaTeX Info: Redefining \yen on input line 456.
LaTeX Info: Redefining \circledR on input line 458.
LaTeX Info: Redefining \checkmark on input line 460.
LaTeX Info: Redefining \maltese on input line 461.
LaTeX Font Info:    Redeclaring math accent \grave on input line 698.
LaTeX Font Info:    Redeclaring math accent \acute on input line 699.
LaTeX Font Info:    Redeclaring math accent \hat on input line 700.
LaTeX Font Info:    Redeclaring math accent \tilde on input line 701.
LaTeX Font Info:    Redeclaring math accent \bar on input line 702.
LaTeX Font Info:    Redeclaring math accent \breve on input line 703.
LaTeX Font Info:    Redeclaring math accent \dot on input line 704.
LaTeX Font Info:    Redeclaring math accent \ddot on input line 705.
LaTeX Font Info:    Redeclaring math accent \mathring on input line 707.
LaTeX Font Info:    Redeclaring math accent \check on input line 708.
LaTeX Font Info:    Redeclaring math accent \vec on input line 716.
LaTeX Font Info:    Redeclaring math accent \widehat on input line 728.
LaTeX Font Info:    Redeclaring math accent \widetilde on input line 729.
LaTeX Info: Redefining \vdots on input line 1518.
LaTeX Info: Redefining \cdots on input line 1522.
LaTeX Font Info:    Redeclaring math symbol \mathsterling on input line 1978.
LaTeX Info: Redefining \not on input line 2144.
)
(/usr/share/texlive/texmf-dist/tex/latex/inconsolata/inconsolata.sty
Package: inconsolata 2019/05/17 v1.12

`inconsolata-zi4' v1.12, 2019/05/17 Text macros for Inconsolata (msharpe)
(/usr/share/texlive/texmf-dist/tex/latex/xkeyval/xkeyval.sty
Package: xkeyval 2022/06/16 v2.9 package option processing (HA)

(/usr/share/texlive/texmf-dist/tex/generic/xkeyval/xkeyval.tex
(/usr/share/texlive/texmf-dist/tex/generic/xkeyval/xkvutils.tex
\XKV@toks=\toks31
\XKV@tempa@toks=\toks32
)
\XKV@depth=\count326
File: xkeyval.tex 2014/12/03 v2.7a key=value parser (HA)
))
\zifour@ocount=\count327
)
(/usr/share/texlive/texmf-dist/tex/latex/geometry/geometry.sty
Package: geometry 2020/01/02 v5.9 Page Geometry

(/usr/share/texlive/texmf-dist/tex/generic/iftex/ifvtex.sty
Package: ifvtex 2019/10/25 v1.7 ifvtex legacy package. Use iftex instead.
)
\Gm@cnth=\count328
\Gm@cntv=\count329
\c@Gm@tempcnt=\count330
\Gm@bindingoffset=\dimen257
\Gm@wd@mp=\dimen258
\Gm@odd@mp=\dimen259
\Gm@even@mp=\dimen260
\Gm@layoutwidth=\dimen261
\Gm@layoutheight=\dimen262
\Gm@layouthoffset=\dimen263
\Gm@layoutvoffset=\dimen264
\Gm@dimlist=\toks33
)) (./cas-dc.cls

LaTeX Warning: You have requested package `',
               but the package provides `cas-dc'.

Package: cas-dc 2021/05/11, 2.3: Formatting class for CAS double column article
s
\@bls=\dimen265

! LaTeX Error: Two \LoadClass commands.

See the LaTeX manual or LaTeX Companion for explanation.
Type  H <return>  for immediate help.
 ...                                              
                                                  
l.40 \LoadClass
               {article}
You may only use one \LoadClass in a class file


! LaTeX Error: Missing \begin{document}.

See the LaTeX manual or LaTeX Companion for explanation.
Type  H <return>  for immediate help.
 ...                                              
                                                  
l.40 \LoadClass{a
                 rticle}
You're in trouble here.  Try typing  <return>  to proceed.
If that doesn't work, type  X <return>  to quit.

(/usr/share/texlive/texmf-dist/tex/latex/base/fontenc.sty
Package: fontenc 2021/04/29 v2.0v Standard LaTeX package
LaTeX Font Info:    Trying to load font information for T1+stix on input line 1
12.

(/usr/share/texlive/texmf-dist/tex/latex/stix/t1stix.fd
File: t1stix.fd 2015/04/17 v1.1.2-latex STIX T1 font definitions
))

! LaTeX Error: Missing \begin{document}.

See the LaTeX manual or LaTeX Companion for explanation.
Type  H <return>  for immediate help.
 ...                                              
                                                  
l.158 
      
You're in trouble here.  Try typing  <return>  to proceed.
If that doesn't work, type  X <return>  to quit.

) (/usr/share/texlive/texmf-dist/tex/latex/natbib/natbib.sty
Package: natbib 2010/09/13 8.31b (PWD, AO)
\bibhang=\skip70
\bibsep=\skip71
LaTeX Info: Redefining \cite on input line 694.
\c@NAT@ctr=\count331
)
(/usr/share/texlive/texmf-dist/tex/latex/comment/comment.sty
\CommentStream=\write3

Excluding comment 'comment') (./main.aux)
\openout1 = `main.aux'.

LaTeX Font Info:    Checking defaults for OML/cmm/m/it on input line 50.
LaTeX Font Info:    ... okay on input line 50.
LaTeX Font Info:    Checking defaults for OMS/cmsy/m/n on input line 50.
LaTeX Font Info:    ... okay on input line 50.
LaTeX Font Info:    Checking defaults for OT1/cmr/m/n on input line 50.
LaTeX Font Info:    ... okay on input line 50.
LaTeX Font Info:    Checking defaults for T1/cmr/m/n on input line 50.
LaTeX Font Info:    ... okay on input line 50.
LaTeX Font Info:    Checking defaults for TS1/cmr/m/n on input line 50.
LaTeX Font Info:    ... okay on input line 50.
LaTeX Font Info:    Checking defaults for OMX/cmex/m/n on input line 50.
LaTeX Font Info:    ... okay on input line 50.
LaTeX Font Info:    Checking defaults for U/cmr/m/n on input line 50.
LaTeX Font Info:    ... okay on input line 50.
LaTeX Font Info:    Checking defaults for PD1/pdf/m/n on input line 50.
LaTeX Font Info:    ... okay on input line 50.
LaTeX Font Info:    Checking defaults for PU/pdf/m/n on input line 50.
LaTeX Font Info:    ... okay on input line 50.
LaTeX Font Info:    Checking defaults for LS1/stix/m/n on input line 50.
LaTeX Font Info:    Trying to load font information for LS1+stix on input line 
50.

(/usr/share/texlive/texmf-dist/tex/latex/stix/ls1stix.fd
File: ls1stix.fd 2015/04/17 v1.1.2-latex STIX LS1 font definitions
)
LaTeX Font Info:    ... okay on input line 50.
LaTeX Font Info:    Checking defaults for LS2/stix/m/n on input line 50.
LaTeX Font Info:    Trying to load font information for LS2+stix on input line 
50.

(/usr/share/texlive/texmf-dist/tex/latex/stix/ls2stix.fd
File: ls2stix.fd 2015/04/17 v1.1.2-latex STIX LS2 font definitions
)
LaTeX Font Info:    ... okay on input line 50.

(/usr/share/texlive/texmf-dist/tex/context/base/mkii/supp-pdf.mkii
[Loading MPS to PDF converter (version 2006.09.02).]
\scratchcounter=\count332
\scratchdimen=\dimen266
\scratchbox=\box65
\nofMPsegments=\count333
\nofMParguments=\count334
\everyMPshowfont=\toks34
\MPscratchCnt=\count335
\MPscratchDim=\dimen267
\MPnumerator=\count336
\makeMPintoPDFobject=\count337
\everyMPtoPDFconversion=\toks35
) (/usr/share/texlive/texmf-dist/tex/latex/epstopdf-pkg/epstopdf-base.sty
Package: epstopdf-base 2020-01-24 v2.11 Base part for package epstopdf
Package epstopdf-base Info: Redefining graphics rule for `.eps' on input line 4
85.

(/usr/share/texlive/texmf-dist/tex/latex/latexconfig/epstopdf-sys.cfg
File: epstopdf-sys.cfg 2010/07/13 v1.3 Configuration of (r)epstopdf for TeX Liv
e
))
LaTeX Info: Command `\dddot' is already robust on input line 50.
LaTeX Info: Command `\ddddot' is already robust on input line 50.
Package hyperref Info: Link coloring ON on input line 50.

(./main.out) (./main.out)
\@outlinefile=\write4
\openout4 = `main.out'.

LaTeX Font Info:    Trying to load font information for T1+cmss on input line 5
0.

(/usr/share/texlive/texmf-dist/tex/latex/base/t1cmss.fd
File: t1cmss.fd 2022/07/10 v2.5l Standard LaTeX font definitions
) [1

{/var/lib/texmf/fonts/map/pdftex/updmap/pdftex.map}]

! LaTeX Error: Missing \begin{document}.

See the LaTeX manual or LaTeX Companion for explanation.
Type  H <return>  for immediate help.
 ...                                              
                                                  
l.50 \begin{document}
                     
You're in trouble here.  Try typing  <return>  to proceed.
If that doesn't work, type  X <return>  to quit.

(./main.abs)
LaTeX Font Info:    Trying to load font information for LS1+stixscr on input li
ne 50.
 (/usr/share/texlive/texmf-dist/tex/latex/stix/ls1stixscr.fd
File: ls1stixscr.fd 2015/04/17 v1.1.2-latex STIX script LS1 font definitions
)
LaTeX Font Info:    Trying to load font information for LS2+stixex on input lin
e 50.

(/usr/share/texlive/texmf-dist/tex/latex/stix/ls2stixex.fd
File: ls2stixex.fd 2015/04/17 v1.1.2-latex STIX extentions LS2 font definitions

)
LaTeX Font Info:    Trying to load font information for U+msa on input line 50.


(/usr/share/texlive/texmf-dist/tex/latex/amsfonts/umsa.fd
File: umsa.fd 2013/01/14 v3.01 AMS symbols A
)
LaTeX Font Info:    Trying to load font information for U+msb on input line 50.


(/usr/share/texlive/texmf-dist/tex/latex/amsfonts/umsb.fd
File: umsb.fd 2013/01/14 v3.01 AMS symbols B
)
LaTeX Font Info:    Trying to load font information for LS1+stixfrak on input l
ine 50.

(/usr/share/texlive/texmf-dist/tex/latex/stix/ls1stixfrak.fd
File: ls1stixfrak.fd 2015/04/17 v1.1.2-latex STIX fraktur LS1 font definitions
)
LaTeX Font Info:    Trying to load font information for LS1+stixbb on input lin
e 50.

(/usr/share/texlive/texmf-dist/tex/latex/stix/ls1stixbb.fd
File: ls1stixbb.fd 2015/04/17 v1.1.2-latex STIX blackboard LS1 font definitions

)
LaTeX Font Info:    Trying to load font information for LS2+stixcal on input li
ne 50.

(/usr/share/texlive/texmf-dist/tex/latex/stix/ls2stixcal.fd
File: ls2stixcal.fd 2015/04/17 v1.1.2-latex STIX calligraphic LS2 font definiti
ons
)
LaTeX Font Info:    Trying to load font information for LS1+stixsf on input lin
e 50.

(/usr/share/texlive/texmf-dist/tex/latex/stix/ls1stixsf.fd
File: ls1stixsf.fd 2015/04/17 v1.1.2-latex STIX sans-serif LS1 font definitions

)
LaTeX Font Info:    Trying to load font information for LS2+stixtt on input lin
e 50.

(/usr/share/texlive/texmf-dist/tex/latex/stix/ls2stixtt.fd
File: ls2stixtt.fd 2015/04/17 v1.1.2-latex STIX typewriter LS2 font definitions

)

Package hyperref Warning: Ignoring empty anchor on input line 50.

<thumbnails/cas-email.jpeg, id=13, 225.84375pt x 225.84375pt>
File: thumbnails/cas-email.jpeg Graphic file (type jpg)
<use thumbnails/cas-email.jpeg>
Package pdftex.def Info: thumbnails/cas-email.jpeg  used on input line 50.
(pdftex.def)             Requested size: 7.99838pt x 8.0pt.
LaTeX Font Info:    Trying to load font information for T1+zi4 on input line 50
.
(/usr/share/texlive/texmf-dist/tex/latex/inconsolata/t1zi4.fd
File: t1zi4.fd 2018/01/14 T1/zi4 (Inconsolata)
)
LaTeX Font Info:    Font shape `T1/zi4/m/n' will be
(Font)              scaled to size 6.80005pt on input line 50.


Package hyperref Warning: Ignoring empty anchor on input line 50.

(/usr/share/texlive/texmf-dist/tex/latex/upquote/upquote.sty
Package: upquote 2012/04/19 v1.3 upright-quote and grave-accent glyphs in verba
tim
)
*geometry* driver: auto-detecting
*geometry* detected driver: pdftex
*geometry* verbose mode - [ preamble ] result:
* driver: pdftex
* paper: custom
* layout: <same size as paper>
* layoutoffset:(h,v)=(0.0pt,0.0pt)
* modes: 
* h-part:(L,W,R)=(51.4995pt, 494.50888pt, 51.4995pt)
* v-part:(T,H,B)=(55.48286pt, 689.4103pt, 51.784pt)
* \paperwidth=597.50787pt
* \paperheight=796.67715pt
* \textwidth=494.50888pt
* \textheight=689.4103pt
* \oddsidemargin=-20.7705pt
* \evensidemargin=-20.7705pt
* \topmargin=-40.78712pt
* \headheight=12.0pt
* \headsep=12.0pt
* \topskip=10.0pt
* \footskip=12.0pt
* \marginparwidth=57.0pt
* \marginparsep=11.0pt
* \columnsep=18.0pt
* \skip\footins=9.0pt plus 4.0pt minus 2.0pt
* \hoffset=0.0pt
* \voffset=0.0pt
* \mag=1000
* \@twocolumntrue
* \@twosidefalse
* \@mparswitchfalse
* \@reversemarginfalse
* (1in=72.27pt=25.4mm, 1cm=28.453pt)

[2

 <./thumbnails/cas-email.jpeg>]

! LaTeX Error: Missing \begin{document}.

See the LaTeX manual or LaTeX Companion for explanation.
Type  H <return>  for immediate help.
 ...                                              
                                                  
l.50 \begin{document}
                     
You're in trouble here.  Try typing  <return>  to proceed.
If that doesn't work, type  X <return>  to quit.

(./main.abs)

Package hyperref Warning: Ignoring empty anchor on input line 50.

File: thumbnails/cas-email.jpeg Graphic file (type jpg)
<use thumbnails/cas-email.jpeg>
Package pdftex.def Info: thumbnails/cas-email.jpeg  used on input line 50.
(pdftex.def)             Requested size: 7.99838pt x 8.0pt.

Package hyperref Warning: Ignoring empty anchor on input line 50.

\verbatim@out=\write5
\openout5 = `main.abs'.


Overfull \hbox (2.55252pt too wide) in paragraph at lines 152--152
\T1/stix/b/n/12 with in-tense ge-o-mag-netic storms: re-gional space
 []

LaTeX Font Info:    Trying to load font information for TS1+stix on input line 
153.
(/usr/share/texlive/texmf-dist/tex/latex/stix/ts1stix.fd
File: ts1stix.fd 2015/04/17 v1.1.2-latex STIX TS1 font definitions
) [0

]
Overfull \hbox (123.62721pt too wide) detected at line 165
[]
 []

(./main.abs)

Package hyperref Warning: Ignoring empty anchor on input line 165.


Package hyperref Warning: Ignoring empty anchor on input line 165.

File: thumbnails/cas-email.jpeg Graphic file (type jpg)
<use thumbnails/cas-email.jpeg>
Package pdftex.def Info: thumbnails/cas-email.jpeg  used on input line 165.
(pdftex.def)             Requested size: 7.99838pt x 8.0pt.

Package hyperref Warning: Ignoring empty anchor on input line 165.


Package natbib Warning: Citation `schrijver2015' on page 1 undefined on input l
ine 174.


Package natbib Warning: Citation `gonzalestgm' on page 1 undefined on input lin
e 174.


Package natbib Warning: Citation `l_basic_spaceplasmaphysic' on page 1 undefine
d on input line 174.


Package natbib Warning: Citation `l_russell' on page 1 undefined on input line 
174.


Package natbib Warning: Citation `mayaud1980' on page 1 undefined on input line
 176.


Package natbib Warning: Citation `gic_intro' on page 1 undefined on input line 
179.


Package natbib Warning: Citation `gic' on page 1 undefined on input line 179.


Package natbib Warning: Citation `gic_2' on page 1 undefined on input line 179.



Package natbib Warning: Citation `gic_brazil' on page 1 undefined on input line
 179.


Package natbib Warning: Citation `gic_czech' on page 1 undefined on input line 
181.


Package natbib Warning: Citation `gic_brazil' on page 1 undefined on input line
 181.


Package natbib Warning: Citation `gic' on page 1 undefined on input line 181.


Package natbib Warning: Citation `MEXART2003' on page 1 undefined on input line
 181.


Package natbib Warning: Citation `MEXART2005' on page 1 undefined on input line
 181.


Package natbib Warning: Citation `MEXART_iono_dist' on page 1 undefined on inpu
t line 181.


Package natbib Warning: Citation `MEXART_iono_dist2' on page 1 undefined on inp
ut line 181.


Package natbib Warning: Citation `mario_rodriguez2011' on page 1 undefined on i
nput line 181.


Package natbib Warning: Citation `lopez-montes' on page 1 undefined on input li
ne 181.


Package natbib Warning: Citation `mario_rodriguez2014' on page 1 undefined on i
nput line 181.


Package natbib Warning: Citation `iono-resp2016' on page 1 undefined on input l
ine 181.


Package natbib Warning: Citation `lenica' on page 1 undefined on input line 181
.


Package natbib Warning: Citation `sciesmex_art' on page 1 undefined on input li
ne 181.


Package natbib Warning: Citation `esmeralda' on page 1 undefined on input line 
183.


Package natbib Warning: Citation `dramaria_1' on page 1 undefined on input line
 183.


Package natbib Warning: Citation `dramaria7' on page 1 undefined on input line 
183.


Package natbib Warning: Citation `P-corona1' on page 1 undefined on input line 
183.


Package natbib Warning: Citation `P-corona2' on page 1 undefined on input line 
183.


Package natbib Warning: Citation `nishida_68_coherence' on page 1 undefined on 
input line 183.


Package natbib Warning: Citation `nishida_68_fluctuations' on page 1 undefined 
on input line 183.


Package natbib Warning: Citation `nishida_66_knee' on page 1 undefined on input
 line 183.


Package natbib Warning: Citation `blanc_ddyn' on page 1 undefined on input line
 183.


pdfTeX warning (ext4): destination with the same identifier (name{page.1}) has 
been already used, duplicate ignored
<to be read again> 
                   \relax 
l.184 
       [1

]

Package natbib Warning: Citation `dp2PPEF' on page 2 undefined on input line 18
5.


Package natbib Warning: Citation `dp2_diag' on page 2 undefined on input line 1
85.


Package natbib Warning: Citation `Hepner_a' on page 2 undefined on input line 1
85.


Package natbib Warning: Citation `Hepner_b' on page 2 undefined on input line 1
85.


Package natbib Warning: Citation `Pudovkin' on page 2 undefined on input line 1
85.


Package natbib Warning: Citation `blanc_caudal' on page 2 undefined on input li
ne 185.


Package natbib Warning: Citation `Denisenko' on page 2 undefined on input line 
185.


Package natbib Warning: Citation `nishida_66_knee' on page 2 undefined on input
 line 185.


Package natbib Warning: Citation `nishida_68_coherence' on page 2 undefined on 
input line 185.


Package natbib Warning: Citation `nishida_andobayashi_67' on page 2 undefined o
n input line 185.


Package natbib Warning: Citation `blanc_ddyn' on page 2 undefined on input line
 187.


Package natbib Warning: Citation `ddyn2005' on page 2 undefined on input line 1
87.


Package natbib Warning: Citation `angeoddyn' on page 2 undefined on input line 
187.


Package natbib Warning: Citation `blanc_ddyn' on page 2 undefined on input line
 187.


Package natbib Warning: Citation `ddyn2005' on page 2 undefined on input line 2
71.


Package natbib Warning: Citation `angeoddyn' on page 2 undefined on input line 
271.


Package natbib Warning: Citation `amorymazaudier_2017' on page 2 undefined on i
nput line 271.


Package natbib Warning: Citation `amory2020_filtros' on page 2 undefined on inp
ut line 271.

Package epstopdf Info: Source file: <images/disp_dst_v_dh/dispersion_general_ds
t.eps>
(epstopdf)                    date: 2023-11-09 17:52:28
(epstopdf)                    size: 225557 bytes
(epstopdf)             Output file: <images/disp_dst_v_dh/dispersion_general_ds
t-eps-converted-to.pdf>
(epstopdf)                    date: 2023-12-07 10:42:24
(epstopdf)                    size: 88481 bytes
(epstopdf)             Command: <repstopdf --outfile=images/disp_dst_v_dh/dispe
rsion_general_dst-eps-converted-to.pdf images/disp_dst_v_dh/dispersion_general_
dst.eps>
(epstopdf)             \includegraphics on input line 275.
Package epstopdf Info: Output file is already uptodate.
<images/disp_dst_v_dh/dispersion_general_dst-eps-converted-to.pdf, id=37, 433.6
2pt x 433.62pt>
File: images/disp_dst_v_dh/dispersion_general_dst-eps-converted-to.pdf Graphic 
file (type pdf)
<use images/disp_dst_v_dh/dispersion_general_dst-eps-converted-to.pdf>
Package pdftex.def Info: images/disp_dst_v_dh/dispersion_general_dst-eps-conver
ted-to.pdf  used on input line 275.
(pdftex.def)             Requested size: 222.52748pt x 222.52612pt.

Package natbib Warning: Citation `1969intro_to_iono_p' on page 2 undefined on i
nput line 284.


Package natbib Warning: Citation `l_handbook_geof_sw_Geom_field' on page 2 unde
fined on input line 284.


Package natbib Warning: Citation `baseline_Gjerloev' on page 2 undefined on inp
ut line 284.


Package natbib Warning: Citation `vanKampt' on page 2 undefined on input line 2
84.


Package natbib Warning: Citation `vanKampt' on page 2 undefined on input line 2
89.


Package natbib Warning: Citation `baseline_Gjerloev' on page 2 undefined on inp
ut line 289.


Package natbib Warning: Citation `ddyn2005' on page 2 undefined on input line 2
89.


Package natbib Warning: Citation `angeoddyn' on page 2 undefined on input line 
289.


Package natbib Warning: Citation `amorymazaudier_2017' on page 2 undefined on i
nput line 289.


pdfTeX warning (ext4): destination with the same identifier (name{page.2}) has 
been already used, duplicate ignored
<to be read again> 
                   \relax 
l.293 \end{equation}
                     [2]

Package natbib Warning: Citation `amory2020_filtros' on page 3 undefined on inp
ut line 302.


Package natbib Warning: Citation `blanc_ddyn' on page 3 undefined on input line
 302.


Package natbib Warning: Citation `angeoddyn' on page 3 undefined on input line 
302.


Package natbib Warning: Citation `nishida_68_fluctuations' on page 3 undefined 
on input line 302.


Package natbib Warning: Citation `blanc_ddyn' on page 3 undefined on input line
 302.

Package epstopdf Info: Source file: <images/diono/iono_PI_2015-03-15.eps>
(epstopdf)                    date: 2023-11-09 17:52:28
(epstopdf)                    size: 606398 bytes
(epstopdf)             Output file: <images/diono/iono_PI_2015-03-15-eps-conver
ted-to.pdf>
(epstopdf)                    date: 2023-12-06 14:18:07
(epstopdf)                    size: 506129 bytes
(epstopdf)             Command: <repstopdf --outfile=images/diono/iono_PI_2015-
03-15-eps-converted-to.pdf images/diono/iono_PI_2015-03-15.eps>
(epstopdf)             \includegraphics on input line 318.
Package epstopdf Info: Output file is already uptodate.
<images/diono/iono_PI_2015-03-15-eps-converted-to.pdf, id=57, 1156.32pt x 722.7
pt>
File: images/diono/iono_PI_2015-03-15-eps-converted-to.pdf Graphic file (type p
df)
<use images/diono/iono_PI_2015-03-15-eps-converted-to.pdf>
Package pdftex.def Info: images/diono/iono_PI_2015-03-15-eps-converted-to.pdf  
used on input line 318.
(pdftex.def)             Requested size: 420.33556pt x 262.70811pt.
[3]

Package natbib Warning: Citation `nishida_68_fluctuations' on page 4 undefined 
on input line 329.

Package epstopdf Info: Source file: <images/dH_approx/diono_valid_V4_2015-03-15
.eps>
(epstopdf)                    date: 2023-11-09 17:52:30
(epstopdf)                    size: 29664 bytes
(epstopdf)             Output file: <images/dH_approx/diono_valid_V4_2015-03-15
-eps-converted-to.pdf>
(epstopdf)                    date: 2023-12-06 14:18:07
(epstopdf)                    size: 17833 bytes
(epstopdf)             Command: <repstopdf --outfile=images/dH_approx/diono_val
id_V4_2015-03-15-eps-converted-to.pdf images/dH_approx/diono_valid_V4_2015-03-1
5.eps>
(epstopdf)             \includegraphics on input line 353.
Package epstopdf Info: Output file is already uptodate.
<images/dH_approx/diono_valid_V4_2015-03-15-eps-converted-to.pdf, id=85, 1156.3
2pt x 722.7pt>
File: images/dH_approx/diono_valid_V4_2015-03-15-eps-converted-to.pdf Graphic f
ile (type pdf)
<use images/dH_approx/diono_valid_V4_2015-03-15-eps-converted-to.pdf>
Package pdftex.def Info: images/dH_approx/diono_valid_V4_2015-03-15-eps-convert
ed-to.pdf  used on input line 353.
(pdftex.def)             Requested size: 222.52748pt x 139.07883pt.
Package epstopdf Info: Source file: <images/prom_dist.eps>
(epstopdf)                    date: 2023-11-09 17:52:26
(epstopdf)                    size: 33905 bytes
(epstopdf)             Output file: <images/prom_dist-eps-converted-to.pdf>
(epstopdf)                    date: 2023-12-06 14:18:07
(epstopdf)                    size: 14540 bytes
(epstopdf)             Command: <repstopdf --outfile=images/prom_dist-eps-conve
rted-to.pdf images/prom_dist.eps>
(epstopdf)             \includegraphics on input line 364.
Package epstopdf Info: Output file is already uptodate.
<images/prom_dist-eps-converted-to.pdf, id=89, 451.6875pt x 202.7575pt>
File: images/prom_dist-eps-converted-to.pdf Graphic file (type pdf)
<use images/prom_dist-eps-converted-to.pdf>
Package pdftex.def Info: images/prom_dist-eps-converted-to.pdf  used on input l
ine 364.
(pdftex.def)             Requested size: 222.52748pt x 99.89037pt.
Excluding 'comment' comment.
Package epstopdf Info: Source file: <dispersion_general_dst_ld.eps>
(epstopdf)                    date: 2023-11-09 17:52:26
(epstopdf)                    size: 252241 bytes
(epstopdf)             Output file: <dispersion_general_dst_ld-eps-converted-to
.pdf>
(epstopdf)                    date: 2023-12-06 14:18:07
(epstopdf)                    size: 94098 bytes
(epstopdf)             Command: <repstopdf --outfile=dispersion_general_dst_ld-
eps-converted-to.pdf dispersion_general_dst_ld.eps>
(epstopdf)             \includegraphics on input line 410.
Package epstopdf Info: Output file is already uptodate.
<dispersion_general_dst_ld-eps-converted-to.pdf, id=93, 433.62pt x 433.62pt>
File: dispersion_general_dst_ld-eps-converted-to.pdf Graphic file (type pdf)
<use dispersion_general_dst_ld-eps-converted-to.pdf>
Package pdftex.def Info: dispersion_general_dst_ld-eps-converted-to.pdf  used o
n input line 410.
(pdftex.def)             Requested size: 222.52748pt x 222.52612pt.
 [4 <./images/disp_dst_v_dh/dispersion_general_dst-eps-converted-to.pdf>] [5 <.
/images/diono/iono_PI_2015-03-15-eps-converted-to.pdf> <./images/dH_approx/dion
o_valid_V4_2015-03-15-eps-converted-to.pdf> <./images/prom_dist-eps-converted-t
o.pdf>]
Overfull \hbox (2.8905pt too wide) in paragraph at lines 433--434
\T1/stix/b/n/10 Corona-Romero, P.: \T1/stix/m/n/10 Con-cep-tu-al-iza-tion, Meth
od-ol-ogy, Soft-
 []


Underfull \hbox (badness 1038) in paragraph at lines 445--447
[]\T1/stix/m/n/10 P. Corona-Romero is grate-ful for In-ves-ti-gadores por
 []


Overfull \hbox (11.13383pt too wide) in paragraph at lines 445--447
\T1/stix/m/n/10 México-CONAHCYT (CONAH-CYT Re-search Fel-low) project
 []


Underfull \hbox (badness 1052) in paragraph at lines 445--447
\T1/stix/m/n/10 sup-port from CONHACyT-AEM grant 2017-01-292684,
 []


Overfull \hbox (2.1655pt too wide) in paragraph at lines 450--451
\T1/stix/m/n/10 Pots-dam Deutsches Ge-o-ForschungsZen-trum Adolf-Schmidt-
 []

[6 <./dispersion_general_dst_ld-eps-converted-to.pdf>]
No file main.bbl.
Package epstopdf Info: Source file: <images/diono/iono_PI_V1_2003-05-26.eps>
(epstopdf)                    date: 2023-11-09 17:52:28
(epstopdf)                    size: 682250 bytes
(epstopdf)             Output file: <images/diono/iono_PI_V1_2003-05-26-eps-con
verted-to.pdf>
(epstopdf)                    date: 2023-12-06 14:33:28
(epstopdf)                    size: 595140 bytes
(epstopdf)             Command: <repstopdf --outfile=images/diono/iono_PI_V1_20
03-05-26-eps-converted-to.pdf images/diono/iono_PI_V1_2003-05-26.eps>
(epstopdf)             \includegraphics on input line 484.
Package epstopdf Info: Output file is already uptodate.
<images/diono/iono_PI_V1_2003-05-26-eps-converted-to.pdf, id=178, 1156.32pt x 7
22.7pt>
File: images/diono/iono_PI_V1_2003-05-26-eps-converted-to.pdf Graphic file (typ
e pdf)
<use images/diono/iono_PI_V1_2003-05-26-eps-converted-to.pdf>
Package pdftex.def Info: images/diono/iono_PI_V1_2003-05-26-eps-converted-to.pd
f  used on input line 484.
(pdftex.def)             Requested size: 170.71652pt x 106.69106pt.
Package epstopdf Info: Source file: <images/diono/iono_PI_V1_2003-10-11.eps>
(epstopdf)                    date: 2023-11-09 17:52:28
(epstopdf)                    size: 721141 bytes
(epstopdf)             Output file: <images/diono/iono_PI_V1_2003-10-11-eps-con
verted-to.pdf>
(epstopdf)                    date: 2023-12-06 14:33:28
(epstopdf)                    size: 632871 bytes
(epstopdf)             Command: <repstopdf --outfile=images/diono/iono_PI_V1_20
03-10-11-eps-converted-to.pdf images/diono/iono_PI_V1_2003-10-11.eps>
(epstopdf)             \includegraphics on input line 485.
Package epstopdf Info: Output file is already uptodate.
<images/diono/iono_PI_V1_2003-10-11-eps-converted-to.pdf, id=179, 1156.32pt x 7
22.7pt>
File: images/diono/iono_PI_V1_2003-10-11-eps-converted-to.pdf Graphic file (typ
e pdf)
<use images/diono/iono_PI_V1_2003-10-11-eps-converted-to.pdf>
Package pdftex.def Info: images/diono/iono_PI_V1_2003-10-11-eps-converted-to.pd
f  used on input line 485.
(pdftex.def)             Requested size: 170.71652pt x 106.69106pt.
Package epstopdf Info: Source file: <images/diono/iono_PI_V1_2003-11-19.eps>
(epstopdf)                    date: 2023-11-09 17:52:28
(epstopdf)                    size: 237816 bytes
(epstopdf)             Output file: <images/diono/iono_PI_V1_2003-11-19-eps-con
verted-to.pdf>
(epstopdf)                    date: 2023-12-06 14:33:29
(epstopdf)                    size: 222470 bytes
(epstopdf)             Command: <repstopdf --outfile=images/diono/iono_PI_V1_20
03-11-19-eps-converted-to.pdf images/diono/iono_PI_V1_2003-11-19.eps>
(epstopdf)             \includegraphics on input line 490.
Package epstopdf Info: Output file is already uptodate.
<images/diono/iono_PI_V1_2003-11-19-eps-converted-to.pdf, id=180, 1156.32pt x 7
22.7pt>
File: images/diono/iono_PI_V1_2003-11-19-eps-converted-to.pdf Graphic file (typ
e pdf)
<use images/diono/iono_PI_V1_2003-11-19-eps-converted-to.pdf>
Package pdftex.def Info: images/diono/iono_PI_V1_2003-11-19-eps-converted-to.pd
f  used on input line 490.
(pdftex.def)             Requested size: 170.71652pt x 106.69106pt.
Package epstopdf Info: Source file: <images/diono/iono_PI_V1_2004-07-21.eps>
(epstopdf)                    date: 2023-11-09 17:52:28
(epstopdf)                    size: 505604 bytes
(epstopdf)             Output file: <images/diono/iono_PI_V1_2004-07-21-eps-con
verted-to.pdf>
(epstopdf)                    date: 2023-12-06 14:33:29
(epstopdf)                    size: 450133 bytes
(epstopdf)             Command: <repstopdf --outfile=images/diono/iono_PI_V1_20
04-07-21-eps-converted-to.pdf images/diono/iono_PI_V1_2004-07-21.eps>
(epstopdf)             \includegraphics on input line 491.
Package epstopdf Info: Output file is already uptodate.
<images/diono/iono_PI_V1_2004-07-21-eps-converted-to.pdf, id=181, 1156.32pt x 7
22.7pt>
File: images/diono/iono_PI_V1_2004-07-21-eps-converted-to.pdf Graphic file (typ
e pdf)
<use images/diono/iono_PI_V1_2004-07-21-eps-converted-to.pdf>
Package pdftex.def Info: images/diono/iono_PI_V1_2004-07-21-eps-converted-to.pd
f  used on input line 491.
(pdftex.def)             Requested size: 170.71652pt x 106.69106pt.
Package epstopdf Info: Source file: <images/diono/iono_PI_V1_2004-08-27.eps>
(epstopdf)                    date: 2023-11-09 17:52:30
(epstopdf)                    size: 411111 bytes
(epstopdf)             Output file: <images/diono/iono_PI_V1_2004-08-27-eps-con
verted-to.pdf>
(epstopdf)                    date: 2023-12-06 14:33:30
(epstopdf)                    size: 370555 bytes
(epstopdf)             Command: <repstopdf --outfile=images/diono/iono_PI_V1_20
04-08-27-eps-converted-to.pdf images/diono/iono_PI_V1_2004-08-27.eps>
(epstopdf)             \includegraphics on input line 496.
Package epstopdf Info: Output file is already uptodate.
<images/diono/iono_PI_V1_2004-08-27-eps-converted-to.pdf, id=182, 1156.32pt x 7
22.7pt>
File: images/diono/iono_PI_V1_2004-08-27-eps-converted-to.pdf Graphic file (typ
e pdf)
<use images/diono/iono_PI_V1_2004-08-27-eps-converted-to.pdf>
Package pdftex.def Info: images/diono/iono_PI_V1_2004-08-27-eps-converted-to.pd
f  used on input line 496.
(pdftex.def)             Requested size: 170.71652pt x 106.69106pt.
Package epstopdf Info: Source file: <images/diono/iono_PI_V1_2004-11-06.eps>
(epstopdf)                    date: 2023-11-09 17:52:30
(epstopdf)                    size: 325294 bytes
(epstopdf)             Output file: <images/diono/iono_PI_V1_2004-11-06-eps-con
verted-to.pdf>
(epstopdf)                    date: 2023-12-06 14:33:30
(epstopdf)                    size: 300214 bytes
(epstopdf)             Command: <repstopdf --outfile=images/diono/iono_PI_V1_20
04-11-06-eps-converted-to.pdf images/diono/iono_PI_V1_2004-11-06.eps>
(epstopdf)             \includegraphics on input line 497.
Package epstopdf Info: Output file is already uptodate.
<images/diono/iono_PI_V1_2004-11-06-eps-converted-to.pdf, id=183, 1156.32pt x 7
22.7pt>
File: images/diono/iono_PI_V1_2004-11-06-eps-converted-to.pdf Graphic file (typ
e pdf)
<use images/diono/iono_PI_V1_2004-11-06-eps-converted-to.pdf>
Package pdftex.def Info: images/diono/iono_PI_V1_2004-11-06-eps-converted-to.pd
f  used on input line 497.
(pdftex.def)             Requested size: 170.71652pt x 106.69106pt.
Package epstopdf Info: Source file: <images/diono/iono_PI_V1_2005-05-14.eps>
(epstopdf)                    date: 2023-11-09 17:52:30
(epstopdf)                    size: 255697 bytes
(epstopdf)             Output file: <images/diono/iono_PI_V1_2005-05-14-eps-con
verted-to.pdf>
(epstopdf)                    date: 2023-12-06 14:33:30
(epstopdf)                    size: 237063 bytes
(epstopdf)             Command: <repstopdf --outfile=images/diono/iono_PI_V1_20
05-05-14-eps-converted-to.pdf images/diono/iono_PI_V1_2005-05-14.eps>
(epstopdf)             \includegraphics on input line 502.
Package epstopdf Info: Output file is already uptodate.
<images/diono/iono_PI_V1_2005-05-14-eps-converted-to.pdf, id=184, 1156.32pt x 7
22.7pt>
File: images/diono/iono_PI_V1_2005-05-14-eps-converted-to.pdf Graphic file (typ
e pdf)
<use images/diono/iono_PI_V1_2005-05-14-eps-converted-to.pdf>
Package pdftex.def Info: images/diono/iono_PI_V1_2005-05-14-eps-converted-to.pd
f  used on input line 502.
(pdftex.def)             Requested size: 170.71652pt x 106.69106pt.
Package epstopdf Info: Source file: <images/diono/iono_PI_V1_2005-06-11.eps>
(epstopdf)                    date: 2023-11-09 17:52:30
(epstopdf)                    size: 426782 bytes
(epstopdf)             Output file: <images/diono/iono_PI_V1_2005-06-11-eps-con
verted-to.pdf>
(epstopdf)                    date: 2023-12-06 14:33:31
(epstopdf)                    size: 369838 bytes
(epstopdf)             Command: <repstopdf --outfile=images/diono/iono_PI_V1_20
05-06-11-eps-converted-to.pdf images/diono/iono_PI_V1_2005-06-11.eps>
(epstopdf)             \includegraphics on input line 503.
Package epstopdf Info: Output file is already uptodate.
<images/diono/iono_PI_V1_2005-06-11-eps-converted-to.pdf, id=185, 1156.32pt x 7
22.7pt>
File: images/diono/iono_PI_V1_2005-06-11-eps-converted-to.pdf Graphic file (typ
e pdf)
<use images/diono/iono_PI_V1_2005-06-11-eps-converted-to.pdf>
Package pdftex.def Info: images/diono/iono_PI_V1_2005-06-11-eps-converted-to.pd
f  used on input line 503.
(pdftex.def)             Requested size: 170.71652pt x 106.69106pt.
Package epstopdf Info: Source file: <images/diono/iono_PI_V1_2005-08-21.eps>
(epstopdf)                    date: 2023-11-09 17:52:30
(epstopdf)                    size: 308243 bytes
(epstopdf)             Output file: <images/diono/iono_PI_V1_2005-08-21-eps-con
verted-to.pdf>
(epstopdf)                    date: 2023-12-06 14:33:31
(epstopdf)                    size: 265631 bytes
(epstopdf)             Command: <repstopdf --outfile=images/diono/iono_PI_V1_20
05-08-21-eps-converted-to.pdf images/diono/iono_PI_V1_2005-08-21.eps>
(epstopdf)             \includegraphics on input line 509.
Package epstopdf Info: Output file is already uptodate.
<images/diono/iono_PI_V1_2005-08-21-eps-converted-to.pdf, id=186, 1156.32pt x 7
22.7pt>
File: images/diono/iono_PI_V1_2005-08-21-eps-converted-to.pdf Graphic file (typ
e pdf)
<use images/diono/iono_PI_V1_2005-08-21-eps-converted-to.pdf>
Package pdftex.def Info: images/diono/iono_PI_V1_2005-08-21-eps-converted-to.pd
f  used on input line 509.
(pdftex.def)             Requested size: 170.71652pt x 106.69106pt.
Package epstopdf Info: Source file: <images/diono/iono_PI_V1_2005-08-30.eps>
(epstopdf)                    date: 2023-11-09 17:52:30
(epstopdf)                    size: 478845 bytes
(epstopdf)             Output file: <images/diono/iono_PI_V1_2005-08-30-eps-con
verted-to.pdf>
(epstopdf)                    date: 2023-12-06 14:33:32
(epstopdf)                    size: 437556 bytes
(epstopdf)             Command: <repstopdf --outfile=images/diono/iono_PI_V1_20
05-08-30-eps-converted-to.pdf images/diono/iono_PI_V1_2005-08-30.eps>
(epstopdf)             \includegraphics on input line 510.
Package epstopdf Info: Output file is already uptodate.
<images/diono/iono_PI_V1_2005-08-30-eps-converted-to.pdf, id=187, 1156.32pt x 7
22.7pt>
File: images/diono/iono_PI_V1_2005-08-30-eps-converted-to.pdf Graphic file (typ
e pdf)
<use images/diono/iono_PI_V1_2005-08-30-eps-converted-to.pdf>
Package pdftex.def Info: images/diono/iono_PI_V1_2005-08-30-eps-converted-to.pd
f  used on input line 510.
(pdftex.def)             Requested size: 170.71652pt x 106.69106pt.
Package epstopdf Info: Source file: <images/diono/iono_PI_V1_2006-08-17.eps>
(epstopdf)                    date: 2023-11-09 17:52:30
(epstopdf)                    size: 403611 bytes
(epstopdf)             Output file: <images/diono/iono_PI_V1_2006-08-17-eps-con
verted-to.pdf>
(epstopdf)                    date: 2023-12-06 14:33:32
(epstopdf)                    size: 367815 bytes
(epstopdf)             Command: <repstopdf --outfile=images/diono/iono_PI_V1_20
06-08-17-eps-converted-to.pdf images/diono/iono_PI_V1_2006-08-17.eps>
(epstopdf)             \includegraphics on input line 527.
Package epstopdf Info: Output file is already uptodate.
<images/diono/iono_PI_V1_2006-08-17-eps-converted-to.pdf, id=188, 1156.32pt x 7
22.7pt>
File: images/diono/iono_PI_V1_2006-08-17-eps-converted-to.pdf Graphic file (typ
e pdf)
<use images/diono/iono_PI_V1_2006-08-17-eps-converted-to.pdf>
Package pdftex.def Info: images/diono/iono_PI_V1_2006-08-17-eps-converted-to.pd
f  used on input line 527.
(pdftex.def)             Requested size: 170.71652pt x 106.69106pt.
Package epstopdf Info: Source file: <images/diono/iono_PI_V1_2006-12-12.eps>
(epstopdf)                    date: 2023-11-09 17:52:30
(epstopdf)                    size: 280509 bytes
(epstopdf)             Output file: <images/diono/iono_PI_V1_2006-12-12-eps-con
verted-to.pdf>
(epstopdf)                    date: 2023-12-06 14:33:33
(epstopdf)                    size: 260569 bytes
(epstopdf)             Command: <repstopdf --outfile=images/diono/iono_PI_V1_20
06-12-12-eps-converted-to.pdf images/diono/iono_PI_V1_2006-12-12.eps>
(epstopdf)             \includegraphics on input line 528.
Package epstopdf Info: Output file is already uptodate.
<images/diono/iono_PI_V1_2006-12-12-eps-converted-to.pdf, id=189, 1156.32pt x 7
22.7pt>
File: images/diono/iono_PI_V1_2006-12-12-eps-converted-to.pdf Graphic file (typ
e pdf)
<use images/diono/iono_PI_V1_2006-12-12-eps-converted-to.pdf>
Package pdftex.def Info: images/diono/iono_PI_V1_2006-12-12-eps-converted-to.pd
f  used on input line 528.
(pdftex.def)             Requested size: 170.71652pt x 106.69106pt.
Package epstopdf Info: Source file: <images/diono/iono_PI_V1_2015-03-15.eps>
(epstopdf)                    date: 2023-11-09 17:52:30
(epstopdf)                    size: 354975 bytes
(epstopdf)             Output file: <images/diono/iono_PI_V1_2015-03-15-eps-con
verted-to.pdf>
(epstopdf)                    date: 2023-12-06 14:33:33
(epstopdf)                    size: 309215 bytes
(epstopdf)             Command: <repstopdf --outfile=images/diono/iono_PI_V1_20
15-03-15-eps-converted-to.pdf images/diono/iono_PI_V1_2015-03-15.eps>
(epstopdf)             \includegraphics on input line 533.
Package epstopdf Info: Output file is already uptodate.
<images/diono/iono_PI_V1_2015-03-15-eps-converted-to.pdf, id=190, 1156.32pt x 7
22.7pt>
File: images/diono/iono_PI_V1_2015-03-15-eps-converted-to.pdf Graphic file (typ
e pdf)
<use images/diono/iono_PI_V1_2015-03-15-eps-converted-to.pdf>
Package pdftex.def Info: images/diono/iono_PI_V1_2015-03-15-eps-converted-to.pd
f  used on input line 533.
(pdftex.def)             Requested size: 170.71652pt x 106.69106pt.
Package epstopdf Info: Source file: <images/diono/iono_PI_V1_2015-10-05.eps>
(epstopdf)                    date: 2023-11-09 17:52:30
(epstopdf)                    size: 335687 bytes
(epstopdf)             Output file: <images/diono/iono_PI_V1_2015-10-05-eps-con
verted-to.pdf>
(epstopdf)                    date: 2023-12-06 14:33:33
(epstopdf)                    size: 310707 bytes
(epstopdf)             Command: <repstopdf --outfile=images/diono/iono_PI_V1_20
15-10-05-eps-converted-to.pdf images/diono/iono_PI_V1_2015-10-05.eps>
(epstopdf)             \includegraphics on input line 534.
Package epstopdf Info: Output file is already uptodate.
<images/diono/iono_PI_V1_2015-10-05-eps-converted-to.pdf, id=191, 1156.32pt x 7
22.7pt>
File: images/diono/iono_PI_V1_2015-10-05-eps-converted-to.pdf Graphic file (typ
e pdf)
<use images/diono/iono_PI_V1_2015-10-05-eps-converted-to.pdf>
Package pdftex.def Info: images/diono/iono_PI_V1_2015-10-05-eps-converted-to.pd
f  used on input line 534.
(pdftex.def)             Requested size: 170.71652pt x 106.69106pt.
Package epstopdf Info: Source file: <images/diono/iono_PI_V1_2015-12-17.eps>
(epstopdf)                    date: 2023-11-09 17:52:30
(epstopdf)                    size: 344330 bytes
(epstopdf)             Output file: <images/diono/iono_PI_V1_2015-12-17-eps-con
verted-to.pdf>
(epstopdf)                    date: 2023-12-06 14:33:34
(epstopdf)                    size: 296164 bytes
(epstopdf)             Command: <repstopdf --outfile=images/diono/iono_PI_V1_20
15-12-17-eps-converted-to.pdf images/diono/iono_PI_V1_2015-12-17.eps>
(epstopdf)             \includegraphics on input line 539.
Package epstopdf Info: Output file is already uptodate.
<images/diono/iono_PI_V1_2015-12-17-eps-converted-to.pdf, id=192, 1156.32pt x 7
22.7pt>
File: images/diono/iono_PI_V1_2015-12-17-eps-converted-to.pdf Graphic file (typ
e pdf)
<use images/diono/iono_PI_V1_2015-12-17-eps-converted-to.pdf>
Package pdftex.def Info: images/diono/iono_PI_V1_2015-12-17-eps-converted-to.pd
f  used on input line 539.
(pdftex.def)             Requested size: 170.71652pt x 106.69106pt.
Package epstopdf Info: Source file: <images/diono/iono_PI_V1_2016-03-04.eps>
(epstopdf)                    date: 2023-11-09 17:52:30
(epstopdf)                    size: 492483 bytes
(epstopdf)             Output file: <images/diono/iono_PI_V1_2016-03-04-eps-con
verted-to.pdf>
(epstopdf)                    date: 2023-12-06 14:33:34
(epstopdf)                    size: 440528 bytes
(epstopdf)             Command: <repstopdf --outfile=images/diono/iono_PI_V1_20
16-03-04-eps-converted-to.pdf images/diono/iono_PI_V1_2016-03-04.eps>
(epstopdf)             \includegraphics on input line 540.
Package epstopdf Info: Output file is already uptodate.
<images/diono/iono_PI_V1_2016-03-04-eps-converted-to.pdf, id=193, 1156.32pt x 7
22.7pt>
File: images/diono/iono_PI_V1_2016-03-04-eps-converted-to.pdf Graphic file (typ
e pdf)
<use images/diono/iono_PI_V1_2016-03-04-eps-converted-to.pdf>
Package pdftex.def Info: images/diono/iono_PI_V1_2016-03-04-eps-converted-to.pd
f  used on input line 540.
(pdftex.def)             Requested size: 170.71652pt x 106.69106pt.
Package epstopdf Info: Source file: <images/diono/iono_PI_V1_2016-10-11.eps>
(epstopdf)                    date: 2023-11-09 17:52:30
(epstopdf)                    size: 550720 bytes
(epstopdf)             Output file: <images/diono/iono_PI_V1_2016-10-11-eps-con
verted-to.pdf>
(epstopdf)                    date: 2023-12-06 14:33:35
(epstopdf)                    size: 478933 bytes
(epstopdf)             Command: <repstopdf --outfile=images/diono/iono_PI_V1_20
16-10-11-eps-converted-to.pdf images/diono/iono_PI_V1_2016-10-11.eps>
(epstopdf)             \includegraphics on input line 545.
Package epstopdf Info: Output file is already uptodate.
<images/diono/iono_PI_V1_2016-10-11-eps-converted-to.pdf, id=194, 1156.32pt x 7
22.7pt>
File: images/diono/iono_PI_V1_2016-10-11-eps-converted-to.pdf Graphic file (typ
e pdf)
<use images/diono/iono_PI_V1_2016-10-11-eps-converted-to.pdf>
Package pdftex.def Info: images/diono/iono_PI_V1_2016-10-11-eps-converted-to.pd
f  used on input line 545.
(pdftex.def)             Requested size: 170.71652pt x 106.69106pt.
Package epstopdf Info: Source file: <images/diono/iono_PI_V1_2017-05-26.eps>
(epstopdf)                    date: 2023-11-09 17:52:30
(epstopdf)                    size: 200886 bytes
(epstopdf)             Output file: <images/diono/iono_PI_V1_2017-05-26-eps-con
verted-to.pdf>
(epstopdf)                    date: 2023-12-06 14:33:35
(epstopdf)                    size: 183930 bytes
(epstopdf)             Command: <repstopdf --outfile=images/diono/iono_PI_V1_20
17-05-26-eps-converted-to.pdf images/diono/iono_PI_V1_2017-05-26.eps>
(epstopdf)             \includegraphics on input line 546.
Package epstopdf Info: Output file is already uptodate.
<images/diono/iono_PI_V1_2017-05-26-eps-converted-to.pdf, id=195, 1156.32pt x 7
22.7pt>
File: images/diono/iono_PI_V1_2017-05-26-eps-converted-to.pdf Graphic file (typ
e pdf)
<use images/diono/iono_PI_V1_2017-05-26-eps-converted-to.pdf>
Package pdftex.def Info: images/diono/iono_PI_V1_2017-05-26-eps-converted-to.pd
f  used on input line 546.
(pdftex.def)             Requested size: 170.71652pt x 106.69106pt.
Package epstopdf Info: Source file: <images/diono/iono_PI_V1_2017-09-06.eps>
(epstopdf)                    date: 2023-11-09 17:52:30
(epstopdf)                    size: 212023 bytes
(epstopdf)             Output file: <images/diono/iono_PI_V1_2017-09-06-eps-con
verted-to.pdf>
(epstopdf)                    date: 2023-12-06 14:33:35
(epstopdf)                    size: 196776 bytes
(epstopdf)             Command: <repstopdf --outfile=images/diono/iono_PI_V1_20
17-09-06-eps-converted-to.pdf images/diono/iono_PI_V1_2017-09-06.eps>
(epstopdf)             \includegraphics on input line 552.
Package epstopdf Info: Output file is already uptodate.
<images/diono/iono_PI_V1_2017-09-06-eps-converted-to.pdf, id=196, 1156.32pt x 7
22.7pt>
File: images/diono/iono_PI_V1_2017-09-06-eps-converted-to.pdf Graphic file (typ
e pdf)
<use images/diono/iono_PI_V1_2017-09-06-eps-converted-to.pdf>
Package pdftex.def Info: images/diono/iono_PI_V1_2017-09-06-eps-converted-to.pd
f  used on input line 552.
(pdftex.def)             Requested size: 170.71652pt x 106.69106pt.
Package epstopdf Info: Source file: <images/diono/iono_PI_V1_2018-08-24.eps>
(epstopdf)                    date: 2023-11-09 17:52:30
(epstopdf)                    size: 209253 bytes
(epstopdf)             Output file: <images/diono/iono_PI_V1_2018-08-24-eps-con
verted-to.pdf>
(epstopdf)                    date: 2023-12-06 14:33:36
(epstopdf)                    size: 193104 bytes
(epstopdf)             Command: <repstopdf --outfile=images/diono/iono_PI_V1_20
18-08-24-eps-converted-to.pdf images/diono/iono_PI_V1_2018-08-24.eps>
(epstopdf)             \includegraphics on input line 553.
Package epstopdf Info: Output file is already uptodate.
<images/diono/iono_PI_V1_2018-08-24-eps-converted-to.pdf, id=197, 1156.32pt x 7
22.7pt>
File: images/diono/iono_PI_V1_2018-08-24-eps-converted-to.pdf Graphic file (typ
e pdf)
<use images/diono/iono_PI_V1_2018-08-24-eps-converted-to.pdf>
Package pdftex.def Info: images/diono/iono_PI_V1_2018-08-24-eps-converted-to.pd
f  used on input line 553.
(pdftex.def)             Requested size: 170.71652pt x 106.69106pt.
Package epstopdf Info: Source file: <images/dH_approx/diono_valid_V4_2003-05-26
.eps>
(epstopdf)                    date: 2023-11-09 17:52:30
(epstopdf)                    size: 49250 bytes
(epstopdf)             Output file: <images/dH_approx/diono_valid_V4_2003-05-26
-eps-converted-to.pdf>
(epstopdf)                    date: 2023-12-06 14:33:36
(epstopdf)                    size: 26788 bytes
(epstopdf)             Command: <repstopdf --outfile=images/dH_approx/diono_val
id_V4_2003-05-26-eps-converted-to.pdf images/dH_approx/diono_valid_V4_2003-05-2
6.eps>
(epstopdf)             \includegraphics on input line 570.
Package epstopdf Info: Output file is already uptodate.
<images/dH_approx/diono_valid_V4_2003-05-26-eps-converted-to.pdf, id=198, 1156.
32pt x 722.7pt>
File: images/dH_approx/diono_valid_V4_2003-05-26-eps-converted-to.pdf Graphic f
ile (type pdf)
<use images/dH_approx/diono_valid_V4_2003-05-26-eps-converted-to.pdf>
Package pdftex.def Info: images/dH_approx/diono_valid_V4_2003-05-26-eps-convert
ed-to.pdf  used on input line 570.
(pdftex.def)             Requested size: 170.71652pt x 106.69106pt.
Package epstopdf Info: Source file: <images/dH_approx/diono_valid_V4_2003-10-11
.eps>
(epstopdf)                    date: 2023-11-09 17:52:30
(epstopdf)                    size: 50475 bytes
(epstopdf)             Output file: <images/dH_approx/diono_valid_V4_2003-10-11
-eps-converted-to.pdf>
(epstopdf)                    date: 2023-12-06 14:33:36
(epstopdf)                    size: 27782 bytes
(epstopdf)             Command: <repstopdf --outfile=images/dH_approx/diono_val
id_V4_2003-10-11-eps-converted-to.pdf images/dH_approx/diono_valid_V4_2003-10-1
1.eps>
(epstopdf)             \includegraphics on input line 571.
Package epstopdf Info: Output file is already uptodate.
<images/dH_approx/diono_valid_V4_2003-10-11-eps-converted-to.pdf, id=199, 1156.
32pt x 722.7pt>
File: images/dH_approx/diono_valid_V4_2003-10-11-eps-converted-to.pdf Graphic f
ile (type pdf)
<use images/dH_approx/diono_valid_V4_2003-10-11-eps-converted-to.pdf>
Package pdftex.def Info: images/dH_approx/diono_valid_V4_2003-10-11-eps-convert
ed-to.pdf  used on input line 571.
(pdftex.def)             Requested size: 170.71652pt x 106.69106pt.
Package epstopdf Info: Source file: <images/dH_approx/diono_valid_V4_2003-11-19
.eps>
(epstopdf)                    date: 2023-11-09 17:52:30
(epstopdf)                    size: 24473 bytes
(epstopdf)             Output file: <images/dH_approx/diono_valid_V4_2003-11-19
-eps-converted-to.pdf>
(epstopdf)                    date: 2023-12-06 14:33:36
(epstopdf)                    size: 15908 bytes
(epstopdf)             Command: <repstopdf --outfile=images/dH_approx/diono_val
id_V4_2003-11-19-eps-converted-to.pdf images/dH_approx/diono_valid_V4_2003-11-1
9.eps>
(epstopdf)             \includegraphics on input line 576.
Package epstopdf Info: Output file is already uptodate.
<images/dH_approx/diono_valid_V4_2003-11-19-eps-converted-to.pdf, id=200, 1156.
32pt x 722.7pt>
File: images/dH_approx/diono_valid_V4_2003-11-19-eps-converted-to.pdf Graphic f
ile (type pdf)
<use images/dH_approx/diono_valid_V4_2003-11-19-eps-converted-to.pdf>
Package pdftex.def Info: images/dH_approx/diono_valid_V4_2003-11-19-eps-convert
ed-to.pdf  used on input line 576.
(pdftex.def)             Requested size: 170.71652pt x 106.69106pt.
Package epstopdf Info: Source file: <images/dH_approx/diono_valid_V4_2004-07-21
.eps>
(epstopdf)                    date: 2023-11-09 17:52:30
(epstopdf)                    size: 39938 bytes
(epstopdf)             Output file: <images/dH_approx/diono_valid_V4_2004-07-21
-eps-converted-to.pdf>
(epstopdf)                    date: 2023-12-06 14:33:37
(epstopdf)                    size: 22896 bytes
(epstopdf)             Command: <repstopdf --outfile=images/dH_approx/diono_val
id_V4_2004-07-21-eps-converted-to.pdf images/dH_approx/diono_valid_V4_2004-07-2
1.eps>
(epstopdf)             \includegraphics on input line 577.
Package epstopdf Info: Output file is already uptodate.
<images/dH_approx/diono_valid_V4_2004-07-21-eps-converted-to.pdf, id=201, 1156.
32pt x 722.7pt>
File: images/dH_approx/diono_valid_V4_2004-07-21-eps-converted-to.pdf Graphic f
ile (type pdf)
<use images/dH_approx/diono_valid_V4_2004-07-21-eps-converted-to.pdf>
Package pdftex.def Info: images/dH_approx/diono_valid_V4_2004-07-21-eps-convert
ed-to.pdf  used on input line 577.
(pdftex.def)             Requested size: 170.71652pt x 106.69106pt.
Package epstopdf Info: Source file: <images/dH_approx/diono_valid_V4_2004-08-27
.eps>
(epstopdf)                    date: 2023-11-09 17:52:30
(epstopdf)                    size: 32749 bytes
(epstopdf)             Output file: <images/dH_approx/diono_valid_V4_2004-08-27
-eps-converted-to.pdf>
(epstopdf)                    date: 2023-12-06 14:33:37
(epstopdf)                    size: 19681 bytes
(epstopdf)             Command: <repstopdf --outfile=images/dH_approx/diono_val
id_V4_2004-08-27-eps-converted-to.pdf images/dH_approx/diono_valid_V4_2004-08-2
7.eps>
(epstopdf)             \includegraphics on input line 582.
Package epstopdf Info: Output file is already uptodate.
<images/dH_approx/diono_valid_V4_2004-08-27-eps-converted-to.pdf, id=202, 1156.
32pt x 722.7pt>
File: images/dH_approx/diono_valid_V4_2004-08-27-eps-converted-to.pdf Graphic f
ile (type pdf)
<use images/dH_approx/diono_valid_V4_2004-08-27-eps-converted-to.pdf>
Package pdftex.def Info: images/dH_approx/diono_valid_V4_2004-08-27-eps-convert
ed-to.pdf  used on input line 582.
(pdftex.def)             Requested size: 170.71652pt x 106.69106pt.
Package epstopdf Info: Source file: <images/dH_approx/diono_valid_V4_2004-11-06
.eps>
(epstopdf)                    date: 2023-11-09 17:52:30
(epstopdf)                    size: 29380 bytes
(epstopdf)             Output file: <images/dH_approx/diono_valid_V4_2004-11-06
-eps-converted-to.pdf>
(epstopdf)                    date: 2023-12-06 14:33:37
(epstopdf)                    size: 17979 bytes
(epstopdf)             Command: <repstopdf --outfile=images/dH_approx/diono_val
id_V4_2004-11-06-eps-converted-to.pdf images/dH_approx/diono_valid_V4_2004-11-0
6.eps>
(epstopdf)             \includegraphics on input line 583.
Package epstopdf Info: Output file is already uptodate.
<images/dH_approx/diono_valid_V4_2004-11-06-eps-converted-to.pdf, id=203, 1156.
32pt x 722.7pt>
File: images/dH_approx/diono_valid_V4_2004-11-06-eps-converted-to.pdf Graphic f
ile (type pdf)
<use images/dH_approx/diono_valid_V4_2004-11-06-eps-converted-to.pdf>
Package pdftex.def Info: images/dH_approx/diono_valid_V4_2004-11-06-eps-convert
ed-to.pdf  used on input line 583.
(pdftex.def)             Requested size: 170.71652pt x 106.69106pt.
Package epstopdf Info: Source file: <images/dH_approx/diono_valid_V4_2005-05-14
.eps>
(epstopdf)                    date: 2023-11-09 17:52:30
(epstopdf)                    size: 23984 bytes
(epstopdf)             Output file: <images/dH_approx/diono_valid_V4_2005-05-14
-eps-converted-to.pdf>
(epstopdf)                    date: 2023-12-06 14:33:37
(epstopdf)                    size: 15601 bytes
(epstopdf)             Command: <repstopdf --outfile=images/dH_approx/diono_val
id_V4_2005-05-14-eps-converted-to.pdf images/dH_approx/diono_valid_V4_2005-05-1
4.eps>
(epstopdf)             \includegraphics on input line 588.
Package epstopdf Info: Output file is already uptodate.
<images/dH_approx/diono_valid_V4_2005-05-14-eps-converted-to.pdf, id=204, 1156.
32pt x 722.7pt>
File: images/dH_approx/diono_valid_V4_2005-05-14-eps-converted-to.pdf Graphic f
ile (type pdf)
<use images/dH_approx/diono_valid_V4_2005-05-14-eps-converted-to.pdf>
Package pdftex.def Info: images/dH_approx/diono_valid_V4_2005-05-14-eps-convert
ed-to.pdf  used on input line 588.
(pdftex.def)             Requested size: 170.71652pt x 106.69106pt.
Package epstopdf Info: Source file: <images/dH_approx/diono_valid_V4_2005-06-11
.eps>
(epstopdf)                    date: 2023-11-09 17:52:30
(epstopdf)                    size: 34086 bytes
(epstopdf)             Output file: <images/dH_approx/diono_valid_V4_2005-06-11
-eps-converted-to.pdf>
(epstopdf)                    date: 2023-12-06 14:33:38
(epstopdf)                    size: 19881 bytes
(epstopdf)             Command: <repstopdf --outfile=images/dH_approx/diono_val
id_V4_2005-06-11-eps-converted-to.pdf images/dH_approx/diono_valid_V4_2005-06-1
1.eps>
(epstopdf)             \includegraphics on input line 589.
Package epstopdf Info: Output file is already uptodate.
<images/dH_approx/diono_valid_V4_2005-06-11-eps-converted-to.pdf, id=205, 1156.
32pt x 722.7pt>
File: images/dH_approx/diono_valid_V4_2005-06-11-eps-converted-to.pdf Graphic f
ile (type pdf)
<use images/dH_approx/diono_valid_V4_2005-06-11-eps-converted-to.pdf>
Package pdftex.def Info: images/dH_approx/diono_valid_V4_2005-06-11-eps-convert
ed-to.pdf  used on input line 589.
(pdftex.def)             Requested size: 170.71652pt x 106.69106pt.
Package epstopdf Info: Source file: <images/dH_approx/diono_valid_V4_2005-08-21
.eps>
(epstopdf)                    date: 2023-11-09 17:52:30
(epstopdf)                    size: 25483 bytes
(epstopdf)             Output file: <images/dH_approx/diono_valid_V4_2005-08-21
-eps-converted-to.pdf>
(epstopdf)                    date: 2023-12-06 14:33:38
(epstopdf)                    size: 16181 bytes
(epstopdf)             Command: <repstopdf --outfile=images/dH_approx/diono_val
id_V4_2005-08-21-eps-converted-to.pdf images/dH_approx/diono_valid_V4_2005-08-2
1.eps>
(epstopdf)             \includegraphics on input line 595.
Package epstopdf Info: Output file is already uptodate.
<images/dH_approx/diono_valid_V4_2005-08-21-eps-converted-to.pdf, id=206, 1156.
32pt x 722.7pt>
File: images/dH_approx/diono_valid_V4_2005-08-21-eps-converted-to.pdf Graphic f
ile (type pdf)
<use images/dH_approx/diono_valid_V4_2005-08-21-eps-converted-to.pdf>
Package pdftex.def Info: images/dH_approx/diono_valid_V4_2005-08-21-eps-convert
ed-to.pdf  used on input line 595.
(pdftex.def)             Requested size: 170.71652pt x 106.69106pt.
Package epstopdf Info: Source file: <images/dH_approx/diono_valid_V4_2005-08-30
.eps>
(epstopdf)                    date: 2023-11-09 17:52:30
(epstopdf)                    size: 37157 bytes
(epstopdf)             Output file: <images/dH_approx/diono_valid_V4_2005-08-30
-eps-converted-to.pdf>
(epstopdf)                    date: 2023-12-06 14:33:38
(epstopdf)                    size: 21666 bytes
(epstopdf)             Command: <repstopdf --outfile=images/dH_approx/diono_val
id_V4_2005-08-30-eps-converted-to.pdf images/dH_approx/diono_valid_V4_2005-08-3
0.eps>
(epstopdf)             \includegraphics on input line 596.
Package epstopdf Info: Output file is already uptodate.
<images/dH_approx/diono_valid_V4_2005-08-30-eps-converted-to.pdf, id=207, 1156.
32pt x 722.7pt>
File: images/dH_approx/diono_valid_V4_2005-08-30-eps-converted-to.pdf Graphic f
ile (type pdf)
<use images/dH_approx/diono_valid_V4_2005-08-30-eps-converted-to.pdf>
Package pdftex.def Info: images/dH_approx/diono_valid_V4_2005-08-30-eps-convert
ed-to.pdf  used on input line 596.
(pdftex.def)             Requested size: 170.71652pt x 106.69106pt.
Package epstopdf Info: Source file: <images/dH_approx/diono_valid_V4_2006-08-17
.eps>
(epstopdf)                    date: 2023-11-09 17:52:30
(epstopdf)                    size: 31230 bytes
(epstopdf)             Output file: <images/dH_approx/diono_valid_V4_2006-08-17
-eps-converted-to.pdf>
(epstopdf)                    date: 2023-12-06 14:33:38
(epstopdf)                    size: 19032 bytes
(epstopdf)             Command: <repstopdf --outfile=images/dH_approx/diono_val
id_V4_2006-08-17-eps-converted-to.pdf images/dH_approx/diono_valid_V4_2006-08-1
7.eps>
(epstopdf)             \includegraphics on input line 613.
Package epstopdf Info: Output file is already uptodate.
<images/dH_approx/diono_valid_V4_2006-08-17-eps-converted-to.pdf, id=208, 1156.
32pt x 722.7pt>
File: images/dH_approx/diono_valid_V4_2006-08-17-eps-converted-to.pdf Graphic f
ile (type pdf)
<use images/dH_approx/diono_valid_V4_2006-08-17-eps-converted-to.pdf>
Package pdftex.def Info: images/dH_approx/diono_valid_V4_2006-08-17-eps-convert
ed-to.pdf  used on input line 613.
(pdftex.def)             Requested size: 170.71652pt x 106.69106pt.
Package epstopdf Info: Source file: <images/dH_approx/diono_valid_V4_2006-12-12
.eps>
(epstopdf)                    date: 2023-11-09 17:52:30
(epstopdf)                    size: 24709 bytes
(epstopdf)             Output file: <images/dH_approx/diono_valid_V4_2006-12-12
-eps-converted-to.pdf>
(epstopdf)                    date: 2023-12-06 14:33:39
(epstopdf)                    size: 15904 bytes
(epstopdf)             Command: <repstopdf --outfile=images/dH_approx/diono_val
id_V4_2006-12-12-eps-converted-to.pdf images/dH_approx/diono_valid_V4_2006-12-1
2.eps>
(epstopdf)             \includegraphics on input line 614.
Package epstopdf Info: Output file is already uptodate.
<images/dH_approx/diono_valid_V4_2006-12-12-eps-converted-to.pdf, id=209, 1156.
32pt x 722.7pt>
File: images/dH_approx/diono_valid_V4_2006-12-12-eps-converted-to.pdf Graphic f
ile (type pdf)
<use images/dH_approx/diono_valid_V4_2006-12-12-eps-converted-to.pdf>
Package pdftex.def Info: images/dH_approx/diono_valid_V4_2006-12-12-eps-convert
ed-to.pdf  used on input line 614.
(pdftex.def)             Requested size: 170.71652pt x 106.69106pt.
Package epstopdf Info: Source file: <images/dH_approx/diono_valid_V4_2015-03-15
.eps>
(epstopdf)                    date: 2023-11-09 17:52:30
(epstopdf)                    size: 29664 bytes
(epstopdf)             Output file: <images/dH_approx/diono_valid_V4_2015-03-15
-eps-converted-to.pdf>
(epstopdf)                    date: 2023-12-06 14:18:07
(epstopdf)                    size: 17833 bytes
(epstopdf)             Command: <repstopdf --outfile=images/dH_approx/diono_val
id_V4_2015-03-15-eps-converted-to.pdf images/dH_approx/diono_valid_V4_2015-03-1
5.eps>
(epstopdf)             \includegraphics on input line 619.
Package epstopdf Info: Output file is already uptodate.
File: images/dH_approx/diono_valid_V4_2015-03-15-eps-converted-to.pdf Graphic f
ile (type pdf)
<use images/dH_approx/diono_valid_V4_2015-03-15-eps-converted-to.pdf>
Package pdftex.def Info: images/dH_approx/diono_valid_V4_2015-03-15-eps-convert
ed-to.pdf  used on input line 619.
(pdftex.def)             Requested size: 170.71652pt x 106.69106pt.
Package epstopdf Info: Source file: <images/dH_approx/diono_valid_V4_2015-10-05
.eps>
(epstopdf)                    date: 2023-11-09 17:52:30
(epstopdf)                    size: 26945 bytes
(epstopdf)             Output file: <images/dH_approx/diono_valid_V4_2015-10-05
-eps-converted-to.pdf>
(epstopdf)                    date: 2023-12-06 14:33:39
(epstopdf)                    size: 17074 bytes
(epstopdf)             Command: <repstopdf --outfile=images/dH_approx/diono_val
id_V4_2015-10-05-eps-converted-to.pdf images/dH_approx/diono_valid_V4_2015-10-0
5.eps>
(epstopdf)             \includegraphics on input line 620.
Package epstopdf Info: Output file is already uptodate.
<images/dH_approx/diono_valid_V4_2015-10-05-eps-converted-to.pdf, id=210, 1156.
32pt x 722.7pt>
File: images/dH_approx/diono_valid_V4_2015-10-05-eps-converted-to.pdf Graphic f
ile (type pdf)
<use images/dH_approx/diono_valid_V4_2015-10-05-eps-converted-to.pdf>
Package pdftex.def Info: images/dH_approx/diono_valid_V4_2015-10-05-eps-convert
ed-to.pdf  used on input line 620.
(pdftex.def)             Requested size: 170.71652pt x 106.69106pt.
Package epstopdf Info: Source file: <images/dH_approx/diono_valid_V4_2015-12-17
.eps>
(epstopdf)                    date: 2023-11-09 17:52:30
(epstopdf)                    size: 28601 bytes
(epstopdf)             Output file: <images/dH_approx/diono_valid_V4_2015-12-17
-eps-converted-to.pdf>
(epstopdf)                    date: 2023-12-06 14:33:39
(epstopdf)                    size: 17517 bytes
(epstopdf)             Command: <repstopdf --outfile=images/dH_approx/diono_val
id_V4_2015-12-17-eps-converted-to.pdf images/dH_approx/diono_valid_V4_2015-12-1
7.eps>
(epstopdf)             \includegraphics on input line 625.
Package epstopdf Info: Output file is already uptodate.
<images/dH_approx/diono_valid_V4_2015-12-17-eps-converted-to.pdf, id=211, 1156.
32pt x 722.7pt>
File: images/dH_approx/diono_valid_V4_2015-12-17-eps-converted-to.pdf Graphic f
ile (type pdf)
<use images/dH_approx/diono_valid_V4_2015-12-17-eps-converted-to.pdf>
Package pdftex.def Info: images/dH_approx/diono_valid_V4_2015-12-17-eps-convert
ed-to.pdf  used on input line 625.
(pdftex.def)             Requested size: 170.71652pt x 106.69106pt.
Package epstopdf Info: Source file: <images/dH_approx/diono_valid_V4_2016-03-04
.eps>
(epstopdf)                    date: 2023-11-09 17:52:30
(epstopdf)                    size: 37995 bytes
(epstopdf)             Output file: <images/dH_approx/diono_valid_V4_2016-03-04
-eps-converted-to.pdf>
(epstopdf)                    date: 2023-12-06 14:33:39
(epstopdf)                    size: 21706 bytes
(epstopdf)             Command: <repstopdf --outfile=images/dH_approx/diono_val
id_V4_2016-03-04-eps-converted-to.pdf images/dH_approx/diono_valid_V4_2016-03-0
4.eps>
(epstopdf)             \includegraphics on input line 626.
Package epstopdf Info: Output file is already uptodate.
<images/dH_approx/diono_valid_V4_2016-03-04-eps-converted-to.pdf, id=212, 1156.
32pt x 722.7pt>
File: images/dH_approx/diono_valid_V4_2016-03-04-eps-converted-to.pdf Graphic f
ile (type pdf)
<use images/dH_approx/diono_valid_V4_2016-03-04-eps-converted-to.pdf>
Package pdftex.def Info: images/dH_approx/diono_valid_V4_2016-03-04-eps-convert
ed-to.pdf  used on input line 626.
(pdftex.def)             Requested size: 170.71652pt x 106.69106pt.
Package epstopdf Info: Source file: <images/dH_approx/diono_valid_V4_2016-10-11
.eps>
(epstopdf)                    date: 2023-11-09 17:52:30
(epstopdf)                    size: 41519 bytes
(epstopdf)             Output file: <images/dH_approx/diono_valid_V4_2016-10-11
-eps-converted-to.pdf>
(epstopdf)                    date: 2023-12-06 14:33:40
(epstopdf)                    size: 23715 bytes
(epstopdf)             Command: <repstopdf --outfile=images/dH_approx/diono_val
id_V4_2016-10-11-eps-converted-to.pdf images/dH_approx/diono_valid_V4_2016-10-1
1.eps>
(epstopdf)             \includegraphics on input line 631.
Package epstopdf Info: Output file is already uptodate.
<images/dH_approx/diono_valid_V4_2016-10-11-eps-converted-to.pdf, id=213, 1156.
32pt x 722.7pt>
File: images/dH_approx/diono_valid_V4_2016-10-11-eps-converted-to.pdf Graphic f
ile (type pdf)
<use images/dH_approx/diono_valid_V4_2016-10-11-eps-converted-to.pdf>
Package pdftex.def Info: images/dH_approx/diono_valid_V4_2016-10-11-eps-convert
ed-to.pdf  used on input line 631.
(pdftex.def)             Requested size: 170.71652pt x 106.69106pt.
Package epstopdf Info: Source file: <images/dH_approx/diono_valid_V4_2017-05-26
.eps>
(epstopdf)                    date: 2023-11-09 17:52:30
(epstopdf)                    size: 19891 bytes
(epstopdf)             Output file: <images/dH_approx/diono_valid_V4_2017-05-26
-eps-converted-to.pdf>
(epstopdf)                    date: 2023-12-06 14:33:40
(epstopdf)                    size: 13836 bytes
(epstopdf)             Command: <repstopdf --outfile=images/dH_approx/diono_val
id_V4_2017-05-26-eps-converted-to.pdf images/dH_approx/diono_valid_V4_2017-05-2
6.eps>
(epstopdf)             \includegraphics on input line 632.
Package epstopdf Info: Output file is already uptodate.
<images/dH_approx/diono_valid_V4_2017-05-26-eps-converted-to.pdf, id=214, 1156.
32pt x 722.7pt>
File: images/dH_approx/diono_valid_V4_2017-05-26-eps-converted-to.pdf Graphic f
ile (type pdf)
<use images/dH_approx/diono_valid_V4_2017-05-26-eps-converted-to.pdf>
Package pdftex.def Info: images/dH_approx/diono_valid_V4_2017-05-26-eps-convert
ed-to.pdf  used on input line 632.
(pdftex.def)             Requested size: 170.71652pt x 106.69106pt.
Package epstopdf Info: Source file: <images/dH_approx/diono_valid_V4_2017-09-06
.eps>
(epstopdf)                    date: 2023-11-09 17:52:30
(epstopdf)                    size: 20088 bytes
(epstopdf)             Output file: <images/dH_approx/diono_valid_V4_2017-09-06
-eps-converted-to.pdf>
(epstopdf)                    date: 2023-12-06 14:33:40
(epstopdf)                    size: 14017 bytes
(epstopdf)             Command: <repstopdf --outfile=images/dH_approx/diono_val
id_V4_2017-09-06-eps-converted-to.pdf images/dH_approx/diono_valid_V4_2017-09-0
6.eps>
(epstopdf)             \includegraphics on input line 638.
Package epstopdf Info: Output file is already uptodate.
<images/dH_approx/diono_valid_V4_2017-09-06-eps-converted-to.pdf, id=215, 1156.
32pt x 722.7pt>
File: images/dH_approx/diono_valid_V4_2017-09-06-eps-converted-to.pdf Graphic f
ile (type pdf)
<use images/dH_approx/diono_valid_V4_2017-09-06-eps-converted-to.pdf>
Package pdftex.def Info: images/dH_approx/diono_valid_V4_2017-09-06-eps-convert
ed-to.pdf  used on input line 638.
(pdftex.def)             Requested size: 170.71652pt x 106.69106pt.
Package epstopdf Info: Source file: <images/dH_approx/diono_valid_V4_2018-08-24
.eps>
(epstopdf)                    date: 2023-11-09 17:52:30
(epstopdf)                    size: 20092 bytes
(epstopdf)             Output file: <images/dH_approx/diono_valid_V4_2018-08-24
-eps-converted-to.pdf>
(epstopdf)                    date: 2023-12-06 14:33:40
(epstopdf)                    size: 13914 bytes
(epstopdf)             Command: <repstopdf --outfile=images/dH_approx/diono_val
id_V4_2018-08-24-eps-converted-to.pdf images/dH_approx/diono_valid_V4_2018-08-2
4.eps>
(epstopdf)             \includegraphics on input line 639.
Package epstopdf Info: Output file is already uptodate.
<images/dH_approx/diono_valid_V4_2018-08-24-eps-converted-to.pdf, id=216, 1156.
32pt x 722.7pt>
File: images/dH_approx/diono_valid_V4_2018-08-24-eps-converted-to.pdf Graphic f
ile (type pdf)
<use images/dH_approx/diono_valid_V4_2018-08-24-eps-converted-to.pdf>
Package pdftex.def Info: images/dH_approx/diono_valid_V4_2018-08-24-eps-convert
ed-to.pdf  used on input line 639.
(pdftex.def)             Requested size: 170.71652pt x 106.69106pt.

Package natbib Warning: There were undefined citations.

[7

] [8 <./images/diono/iono_PI_V1_2003-05-26-eps-converted-to.pdf> <./images/dion
o/iono_PI_V1_2003-10-11-eps-converted-to.pdf> <./images/diono/iono_PI_V1_2003-1
1-19-eps-converted-to.pdf> <./images/diono/iono_PI_V1_2004-07-21-eps-converted-
to.pdf> <./images/diono/iono_PI_V1_2004-08-27-eps-converted-to.pdf> <./images/d
iono/iono_PI_V1_2004-11-06-eps-converted-to.pdf> <./images/diono/iono_PI_V1_200
5-05-14-eps-converted-to.pdf> <./images/diono/iono_PI_V1_2005-06-11-eps-convert
ed-to.pdf> <./images/diono/iono_PI_V1_2005-08-21-eps-converted-to.pdf> <./image
s/diono/iono_PI_V1_2005-08-30-eps-converted-to.pdf>] [9 <./images/diono/iono_PI
_V1_2006-08-17-eps-converted-to.pdf> <./images/diono/iono_PI_V1_2006-12-12-eps-
converted-to.pdf> <./images/diono/iono_PI_V1_2015-03-15-eps-converted-to.pdf> <
./images/diono/iono_PI_V1_2015-10-05-eps-converted-to.pdf> <./images/diono/iono
_PI_V1_2015-12-17-eps-converted-to.pdf> <./images/diono/iono_PI_V1_2016-03-04-e
ps-converted-to.pdf> <./images/diono/iono_PI_V1_2016-10-11-eps-converted-to.pdf
> <./images/diono/iono_PI_V1_2017-05-26-eps-converted-to.pdf> <./images/diono/i
ono_PI_V1_2017-09-06-eps-converted-to.pdf> <./images/diono/iono_PI_V1_2018-08-2
4-eps-converted-to.pdf>] [10 <./images/dH_approx/diono_valid_V4_2003-05-26-eps-
converted-to.pdf> <./images/dH_approx/diono_valid_V4_2003-10-11-eps-converted-t
o.pdf> <./images/dH_approx/diono_valid_V4_2003-11-19-eps-converted-to.pdf> <./i
mages/dH_approx/diono_valid_V4_2004-07-21-eps-converted-to.pdf> <./images/dH_ap
prox/diono_valid_V4_2004-08-27-eps-converted-to.pdf> <./images/dH_approx/diono_
valid_V4_2004-11-06-eps-converted-to.pdf> <./images/dH_approx/diono_valid_V4_20
05-05-14-eps-converted-to.pdf> <./images/dH_approx/diono_valid_V4_2005-06-11-ep
s-converted-to.pdf> <./images/dH_approx/diono_valid_V4_2005-08-21-eps-converted
-to.pdf> <./images/dH_approx/diono_valid_V4_2005-08-30-eps-converted-to.pdf>] [
11 <./images/dH_approx/diono_valid_V4_2006-08-17-eps-converted-to.pdf> <./image
s/dH_approx/diono_valid_V4_2006-12-12-eps-converted-to.pdf> <./images/dH_approx
/diono_valid_V4_2015-10-05-eps-converted-to.pdf> <./images/dH_approx/diono_vali
d_V4_2015-12-17-eps-converted-to.pdf> <./images/dH_approx/diono_valid_V4_2016-0
3-04-eps-converted-to.pdf> <./images/dH_approx/diono_valid_V4_2016-10-11-eps-co
nverted-to.pdf> <./images/dH_approx/diono_valid_V4_2017-05-26-eps-converted-to.
pdf> <./images/dH_approx/diono_valid_V4_2017-09-06-eps-converted-to.pdf> <./ima
ges/dH_approx/diono_valid_V4_2018-08-24-eps-converted-to.pdf>] (./main.aux)
Package rerunfilecheck Info: File `main.out' has not changed.
(rerunfilecheck)             Checksum: D41D8CD98F00B204E9800998ECF8427E;0.
 ) 
Here is how much of TeX's memory you used:
 17320 strings out of 476091
 275291 string characters out of 5794080
 1886330 words of memory out of 5000000
 37303 multiletter control sequences out of 15000+600000
 613543 words of font info for 155 fonts, out of 8000000 for 9000
 1141 hyphenation exceptions out of 8191
 90i,12n,93p,1218b,471s stack positions out of 10000i,1000n,20000p,200000b,200000s
{/usr/share/texmf/fonts/enc/dvips/cm-super/cm-super-t1.enc}{/usr/share/texliv
e/texmf-dist/fonts/enc/dvips/stix/stix-ts1.enc}{/usr/share/texlive/texmf-dist/f
onts/enc/dvips/stix/stix-t1.enc}{/usr/share/texlive/texmf-dist/fonts/enc/dvips/
inconsolata/i4-t1-0.enc}</usr/share/texlive/texmf-dist/fonts/type1/public/incon
solata/Inconsolata-zi4r.pfb></usr/share/texlive/texmf-dist/fonts/type1/public/s
tix/STIXGeneral-Bold.pfb></usr/share/texlive/texmf-dist/fonts/type1/public/stix
/STIXGeneral-Italic.pfb></usr/share/texlive/texmf-dist/fonts/type1/public/stix/
STIXGeneral-Regular.pfb></usr/share/texmf/fonts/type1/public/cm-super/sfrm1000.
pfb></usr/share/texmf/fonts/type1/public/cm-super/sfss0900.pfb></usr/share/texm
f/fonts/type1/public/cm-super/sfss1000.pfb></usr/share/texmf/fonts/type1/public
/cm-super/sfsx0900.pfb></usr/share/texlive/texmf-dist/fonts/type1/public/stix/s
tix-mathcal.pfb></usr/share/texlive/texmf-dist/fonts/type1/public/stix/stix-mat
hit.pfb></usr/share/texlive/texmf-dist/fonts/type1/public/stix/stix-mathrm.pfb>
</usr/share/texlive/texmf-dist/fonts/type1/public/stix/stix-mathscr.pfb>
Output written on main.pdf (14 pages, 8148993 bytes).
PDF statistics:
 585 PDF objects out of 1000 (max. 8388607)
 423 compressed objects within 5 object streams
 43 named destinations out of 1000 (max. 500000)
 226 words of extra memory for PDF output out of 10000 (max. 10000000)

